Log file open, 11/21/21 22:36:35
LogWindows: Failed to load 'aqProf.dll' (GetLastError=126)
LogWindows: File 'aqProf.dll' does not exist
LogWindows: Failed to load 'VtuneApi.dll' (GetLastError=126)
LogWindows: File 'VtuneApi.dll' does not exist
LogWindows: Failed to load 'VtuneApi32e.dll' (GetLastError=126)
LogWindows: File 'VtuneApi32e.dll' does not exist
LogConsoleResponse: Display: Failed to find resolution value strings in scalability ini. Falling back to default.
LogConsoleResponse: Display: Failed to find resolution value strings in scalability ini. Falling back to default.
LogInit: Display: Running engine for game: HerdingCats
LogPlatformFile: Not using cached read wrapper
LogTaskGraph: Started task graph with 5 named threads and 20 total threads with 3 sets of task threads.
LogStats: Stats thread started at 0.297964
LogICUInternationalization: ICU TimeZone Detection - Raw Offset: +0:00, Platform Override: ''
LogInit: Display: Loading text-based GConfig....
LogPluginManager: Mounting plugin MeshPainting
LogPluginManager: Mounting plugin XGEController
LogPluginManager: Mounting plugin Paper2D
LogPluginManager: Mounting plugin LightPropagationVolume
LogPluginManager: Mounting plugin AISupport
LogPluginManager: Mounting plugin EnvironmentQueryEditor
LogPluginManager: Mounting plugin LiveLink
LogPluginManager: Mounting plugin CameraShakePreviewer
LogPluginManager: Mounting plugin GameplayCameras
LogPluginManager: Mounting plugin OodleData
LogPluginManager: Mounting plugin OodleNetwork
LogPluginManager: Mounting plugin AnimationSharing
LogPluginManager: Mounting plugin CLionSourceCodeAccess
LogPluginManager: Mounting plugin CodeLiteSourceCodeAccess
LogPluginManager: Mounting plugin GitSourceControl
LogPluginManager: Mounting plugin KDevelopSourceCodeAccess
LogPluginManager: Mounting plugin NullSourceCodeAccess
LogPluginManager: Mounting plugin PerforceSourceControl
LogPluginManager: Mounting plugin PluginUtils
LogPluginManager: Mounting plugin PropertyAccessNode
LogPluginManager: Mounting plugin PlasticSourceControl
LogPluginManager: Mounting plugin RiderSourceCodeAccess
LogPluginManager: Mounting plugin SubversionSourceControl
LogPluginManager: Mounting plugin PixWinPlugin
LogPluginManager: Mounting plugin TextureFormatOodle
LogPluginManager: Mounting plugin UObjectPlugin
LogPluginManager: Mounting plugin VisualStudioSourceCodeAccess
LogPluginManager: Mounting plugin AssetManagerEditor
LogPluginManager: Mounting plugin VisualStudioCodeSourceCodeAccess
LogPluginManager: Mounting plugin XCodeSourceCodeAccess
LogPluginManager: Mounting plugin CryptoKeys
LogPluginManager: Mounting plugin DataValidation
LogPluginManager: Mounting plugin CurveEditorTools
LogPluginManager: Mounting plugin FacialAnimation
LogPluginManager: Mounting plugin GameplayTagsEditor
LogPluginManager: Mounting plugin GeometryMode
LogPluginManager: Mounting plugin DatasmithContent
LogPluginManager: Mounting plugin MacGraphicsSwitching
LogPluginManager: Mounting plugin MaterialAnalyzer
LogPluginManager: Mounting plugin MobileLauncherProfileWizard
LogPluginManager: Mounting plugin PluginBrowser
LogPluginManager: Mounting plugin SpeedTreeImporter
LogPluginManager: Mounting plugin AlembicImporter
LogPluginManager: Mounting plugin AutomationUtils
LogPluginManager: Mounting plugin VariantManagerContent
LogPluginManager: Mounting plugin BackChannel
LogPluginManager: Mounting plugin ChaosCloth
LogPluginManager: Mounting plugin ChaosClothEditor
LogPluginManager: Mounting plugin ChaosNiagara
LogPluginManager: Mounting plugin ChaosEditor
LogPluginManager: Mounting plugin ChaosSolverPlugin
LogPluginManager: Mounting plugin CharacterAI
LogPluginManager: Mounting plugin GeometryCache
LogPluginManager: Mounting plugin GeometryCollectionPlugin
LogPluginManager: Mounting plugin Niagara
LogPluginManager: Mounting plugin GeometryProcessing
LogPluginManager: Mounting plugin MotoSynth
LogPluginManager: Mounting plugin OpenImageDenoise
LogPluginManager: Mounting plugin PlanarCut
LogPluginManager: Mounting plugin PlatformCrypto
LogPluginManager: Mounting plugin ProxyLODPlugin
LogPluginManager: Mounting plugin PythonScriptPlugin
LogPluginManager: Mounting plugin SkeletalReduction
LogPluginManager: Mounting plugin LuminPlatformFeatures
LogPluginManager: Mounting plugin MagicLeap
LogPluginManager: Mounting plugin MagicLeapLightEstimation
LogPluginManager: Mounting plugin MagicLeapMedia
LogPluginManager: Mounting plugin MagicLeapPassableWorld
LogPluginManager: Mounting plugin Substance
LogPluginManager: Mounting plugin MLSDK
LogPluginManager: Mounting plugin AndroidMedia
LogPluginManager: Mounting plugin AvfMedia
LogPluginManager: Mounting plugin ImgMedia
LogPluginManager: Mounting plugin MediaCompositing
LogPluginManager: Mounting plugin MediaPlayerEditor
LogPluginManager: Mounting plugin WebMMedia
LogPluginManager: Mounting plugin WmfMedia
LogPluginManager: Mounting plugin ActorSequence
LogPluginManager: Mounting plugin LevelSequenceEditor
LogPluginManager: Mounting plugin MatineeToLevelSequence
LogPluginManager: Mounting plugin TcpMessaging
LogPluginManager: Mounting plugin UdpMessaging
LogPluginManager: Mounting plugin OnlineSubsystem
LogPluginManager: Mounting plugin OnlineSubsystemNull
LogPluginManager: Mounting plugin TemplateSequence
LogPluginManager: Mounting plugin LauncherChunkInstaller
LogPluginManager: Mounting plugin OnlineSubsystemUtils
LogPluginManager: Mounting plugin AndroidDeviceProfileSelector
LogPluginManager: Mounting plugin AndroidMoviePlayer
LogPluginManager: Mounting plugin ActorLayerUtilities
LogPluginManager: Mounting plugin AndroidPermission
LogPluginManager: Mounting plugin AppleImageUtils
LogPluginManager: Mounting plugin AppleMoviePlayer
LogPluginManager: Mounting plugin AudioCapture
LogPluginManager: Mounting plugin AssetTags
LogPluginManager: Mounting plugin AudioSynesthesia
LogPluginManager: Mounting plugin CableComponent
LogPluginManager: Mounting plugin ArchVisCharacter
LogPluginManager: Mounting plugin CustomMeshComponent
LogPluginManager: Mounting plugin EditableMesh
LogPluginManager: Mounting plugin ChunkDownloader
LogPluginManager: Mounting plugin ExampleDeviceProfileSelector
LogPluginManager: Mounting plugin GoogleCloudMessaging
LogPluginManager: Mounting plugin GooglePAD
LogPluginManager: Mounting plugin LocationServicesBPLibrary
LogPluginManager: Mounting plugin MobilePatchingUtils
LogPluginManager: Mounting plugin IOSDeviceProfileSelector
LogPluginManager: Mounting plugin OpenXR
LogPluginManager: Mounting plugin OpenXREyeTracker
LogPluginManager: Mounting plugin LinuxDeviceProfileSelector
LogPluginManager: Mounting plugin PhysXVehicles
LogPluginManager: Mounting plugin PostSplashScreen
LogPluginManager: Mounting plugin ProceduralMeshComponent
LogPluginManager: Mounting plugin PropertyAccessEditor
LogPluginManager: Mounting plugin OpenXRHandTracking
LogPluginManager: Mounting plugin SignificanceManager
LogPluginManager: Mounting plugin SoundFields
LogPluginManager: Mounting plugin Synthesis
LogPluginManager: Mounting plugin WebMMoviePlayer
LogPluginManager: Mounting plugin WindowsMoviePlayer
LogPluginManager: Mounting plugin RuntimePhysXCooking
LogPluginManager: Mounting plugin ScreenshotTools
LogPluginManager: Mounting plugin Takes
LogPluginManager: Mounting plugin ContentBrowserAssetDataSource
LogPluginManager: Mounting plugin ContentBrowserClassDataSource
LogPluginManager: Mounting plugin ContentBrowserFileDataSource
LogPluginManager: Mounting plugin OnlineSubsystemGooglePlay
LogPluginManager: Mounting plugin OnlineSubsystemIOS
LogPluginManager: Mounting plugin OculusVR
LogPluginManager: Mounting plugin SteamVR
PixWinPlugin: PIX capture plugin failed to initialize! Check that the process is launched from PIX.
LogInit: Using libcurl 7.55.1-DEV
LogInit:  - built for x86_64-pc-win32
LogInit:  - supports SSL with OpenSSL/1.1.1
LogInit:  - supports HTTP deflate (compression) using libz 1.2.8
LogInit:  - other features:
LogInit:      CURL_VERSION_SSL
LogInit:      CURL_VERSION_LIBZ
LogInit:      CURL_VERSION_IPV6
LogInit:      CURL_VERSION_ASYNCHDNS
LogInit:      CURL_VERSION_LARGEFILE
LogInit:      CURL_VERSION_IDN
LogInit:  CurlRequestOptions (configurable via config and command line):
LogInit:  - bVerifyPeer = true  - Libcurl will verify peer certificate
LogInit:  - bUseHttpProxy = false  - Libcurl will NOT use HTTP proxy
LogInit:  - bDontReuseConnections = false  - Libcurl will reuse connections
LogInit:  - MaxHostConnections = 16  - Libcurl will limit the number of connections to a host
LogInit:  - LocalHostAddr = Default
LogInit:  - BufferSize = 65536
LogOnline: OSS: Creating online subsystem instance for: NULL
LogInit: WinSock: version 1.1 (2.2), MaxSocks=32767, MaxUdp=65467
LogOnline: OSS: TryLoadSubsystemAndSetDefault: Loaded subsystem for module [NULL]
LogOculusPluginWrapper: OculusPlugin initialized successfully
LogHMD: Failed initializing OVRPlugin 1.59.0
LogInit: Build: ++UE4+Release-4.27-CL-17735300
LogInit: Engine Version: 4.27.1-17735300+++UE4+Release-4.27
LogInit: Compatible Engine Version: 4.27.0-17155196+++UE4+Release-4.27
LogInit: Net CL: 17155196
LogInit: OS: Windows 10 (Release 2009) (), CPU: AMD Ryzen 5 3500X 6-Core Processor             , GPU: NVIDIA GeForce GTX 970
LogInit: Compiled (64-bit): Oct  6 2021 14:42:51
LogInit: Compiled with Visual C++: 19.24.28315.00
LogInit: Build Configuration: Development
LogInit: Branch Name: ++UE4+Release-4.27
LogInit: Command Line: 
LogInit: Base Directory: E:/Epic Games/UE_4.27/Engine/Binaries/Win64/
LogInit: Allocator: TBB
LogInit: Installed Engine Build: 1
LogDevObjectVersion: Number of dev versions registered: 29
LogDevObjectVersion:   Dev-Blueprints (B0D832E4-1F89-4F0D-ACCF-7EB736FD4AA2): 10
LogDevObjectVersion:   Dev-Build (E1C64328-A22C-4D53-A36C-8E866417BD8C): 0
LogDevObjectVersion:   Dev-Core (375EC13C-06E4-48FB-B500-84F0262A717E): 4
LogDevObjectVersion:   Dev-Editor (E4B068ED-F494-42E9-A231-DA0B2E46BB41): 40
LogDevObjectVersion:   Dev-Framework (CFFC743F-43B0-4480-9391-14DF171D2073): 37
LogDevObjectVersion:   Dev-Mobile (B02B49B5-BB20-44E9-A304-32B752E40360): 3
LogDevObjectVersion:   Dev-Networking (A4E4105C-59A1-49B5-A7C5-40C4547EDFEE): 0
LogDevObjectVersion:   Dev-Online (39C831C9-5AE6-47DC-9A44-9C173E1C8E7C): 0
LogDevObjectVersion:   Dev-Physics (78F01B33-EBEA-4F98-B9B4-84EACCB95AA2): 14
LogDevObjectVersion:   Dev-Platform (6631380F-2D4D-43E0-8009-CF276956A95A): 0
LogDevObjectVersion:   Dev-Rendering (12F88B9F-8875-4AFC-A67C-D90C383ABD29): 45
LogDevObjectVersion:   Dev-Sequencer (7B5AE74C-D270-4C10-A958-57980B212A5A): 13
LogDevObjectVersion:   Dev-VR (D7296918-1DD6-4BDD-9DE2-64A83CC13884): 3
LogDevObjectVersion:   Dev-LoadTimes (C2A15278-BFE7-4AFE-6C17-90FF531DF755): 1
LogDevObjectVersion:   Private-Geometry (6EACA3D4-40EC-4CC1-B786-8BED09428FC5): 3
LogDevObjectVersion:   Dev-AnimPhys (29E575DD-E0A3-4627-9D10-D276232CDCEA): 17
LogDevObjectVersion:   Dev-Anim (AF43A65D-7FD3-4947-9873-3E8ED9C1BB05): 15
LogDevObjectVersion:   Dev-ReflectionCapture (6B266CEC-1EC7-4B8F-A30B-E4D90942FC07): 1
LogDevObjectVersion:   Dev-Automation (0DF73D61-A23F-47EA-B727-89E90C41499A): 1
LogDevObjectVersion:   FortniteMain (601D1886-AC64-4F84-AA16-D3DE0DEAC7D6): 47
LogDevObjectVersion:   FortniteRelease (E7086368-6B23-4C58-8439-1B7016265E91): 1
LogDevObjectVersion:   Dev-Enterprise (9DFFBCD6-494F-0158-E221-12823C92A888): 10
LogDevObjectVersion:   Dev-Niagara (F2AED0AC-9AFE-416F-8664-AA7FFA26D6FC): 1
LogDevObjectVersion:   Dev-Destruction (174F1F0B-B4C6-45A5-B13F-2EE8D0FB917D): 10
LogDevObjectVersion:   Dev-Physics-Ext (35F94A83-E258-406C-A318-09F59610247C): 41
LogDevObjectVersion:   Dev-PhysicsMaterial-Chaos (B68FC16E-8B1B-42E2-B453-215C058844FE): 1
LogDevObjectVersion:   Dev-CineCamera (B2E18506-4273-CFC2-A54E-F4BB758BBA07): 1
LogDevObjectVersion:   Dev-VirtualProduction (64F58936-FD1B-42BA-BA96-7289D5D0FA4E): 1
LogDevObjectVersion:   Dev-MediaFramework (6F0ED827-A609-4895-9C91-998D90180EA4): 2
LogInit: Presizing for max 25165824 objects, including 0 objects not considered by GC, pre-allocating 0 bytes for permanent pool.
LogConfig: Applying CVar settings from Section [/Script/Engine.StreamingSettings] File [E:/Documents/PortfolioRepos/CatGame/HerdingCats/Saved/Config/Windows/Engine.ini]
LogConfig: Setting CVar [[s.MinBulkDataSizeForAsyncLoading:131072]]
LogConfig: Setting CVar [[s.AsyncLoadingThreadEnabled:0]]
LogConfig: Setting CVar [[s.EventDrivenLoaderEnabled:1]]
LogConfig: Setting CVar [[s.WarnIfTimeLimitExceeded:0]]
LogConfig: Setting CVar [[s.TimeLimitExceededMultiplier:1.5]]
LogConfig: Setting CVar [[s.TimeLimitExceededMinTime:0.005]]
LogConfig: Setting CVar [[s.UseBackgroundLevelStreaming:1]]
LogConfig: Setting CVar [[s.PriorityAsyncLoadingExtraTime:15.0]]
LogConfig: Setting CVar [[s.LevelStreamingActorsUpdateTimeLimit:5.0]]
LogConfig: Setting CVar [[s.PriorityLevelStreamingActorsUpdateExtraTime:5.0]]
LogConfig: Setting CVar [[s.LevelStreamingComponentsRegistrationGranularity:10]]
LogConfig: Setting CVar [[s.UnregisterComponentsTimeLimit:1.0]]
LogConfig: Setting CVar [[s.LevelStreamingComponentsUnregistrationGranularity:5]]
LogConfig: Setting CVar [[s.FlushStreamingOnExit:1]]
LogInit: Object subsystem initialized
LogConfig: Setting CVar [[con.DebugEarlyDefault:1]]
LogConfig: Setting CVar [[r.setres:1280x720]]
[2021.11.21-22.36.35:607][  0]LogConfig: Setting CVar [[r.VSync:0]]
[2021.11.21-22.36.35:607][  0]LogConfig: Setting CVar [[r.RHICmdBypass:0]]
[2021.11.21-22.36.35:607][  0]LogConfig: Applying CVar settings from Section [/Script/Engine.RendererSettings] File [E:/Documents/PortfolioRepos/CatGame/HerdingCats/Saved/Config/Windows/Engine.ini]
[2021.11.21-22.36.35:607][  0]LogConfig: Setting CVar [[r.GPUCrashDebugging:0]]
[2021.11.21-22.36.35:607][  0]LogConfig: Applying CVar settings from Section [/Script/Engine.RendererOverrideSettings] File [E:/Documents/PortfolioRepos/CatGame/HerdingCats/Saved/Config/Windows/Engine.ini]
[2021.11.21-22.36.35:607][  0]LogConfig: Applying CVar settings from Section [/Script/Engine.StreamingSettings] File [E:/Documents/PortfolioRepos/CatGame/HerdingCats/Saved/Config/Windows/Engine.ini]
[2021.11.21-22.36.35:607][  0]LogConfig: Setting CVar [[s.MinBulkDataSizeForAsyncLoading:131072]]
[2021.11.21-22.36.35:607][  0]LogConfig: Setting CVar [[s.AsyncLoadingThreadEnabled:0]]
[2021.11.21-22.36.35:607][  0]LogConfig: Setting CVar [[s.EventDrivenLoaderEnabled:1]]
[2021.11.21-22.36.35:607][  0]LogConfig: Setting CVar [[s.WarnIfTimeLimitExceeded:0]]
[2021.11.21-22.36.35:607][  0]LogConfig: Setting CVar [[s.TimeLimitExceededMultiplier:1.5]]
[2021.11.21-22.36.35:607][  0]LogConfig: Setting CVar [[s.TimeLimitExceededMinTime:0.005]]
[2021.11.21-22.36.35:607][  0]LogConfig: Setting CVar [[s.UseBackgroundLevelStreaming:1]]
[2021.11.21-22.36.35:607][  0]LogConfig: Setting CVar [[s.PriorityAsyncLoadingExtraTime:15.0]]
[2021.11.21-22.36.35:607][  0]LogConfig: Setting CVar [[s.LevelStreamingActorsUpdateTimeLimit:5.0]]
[2021.11.21-22.36.35:607][  0]LogConfig: Setting CVar [[s.PriorityLevelStreamingActorsUpdateExtraTime:5.0]]
[2021.11.21-22.36.35:607][  0]LogConfig: Setting CVar [[s.LevelStreamingComponentsRegistrationGranularity:10]]
[2021.11.21-22.36.35:607][  0]LogConfig: Setting CVar [[s.UnregisterComponentsTimeLimit:1.0]]
[2021.11.21-22.36.35:607][  0]LogConfig: Setting CVar [[s.LevelStreamingComponentsUnregistrationGranularity:5]]
[2021.11.21-22.36.35:607][  0]LogConfig: Setting CVar [[s.FlushStreamingOnExit:1]]
[2021.11.21-22.36.35:607][  0]LogConfig: Applying CVar settings from Section [/Script/Engine.GarbageCollectionSettings] File [E:/Documents/PortfolioRepos/CatGame/HerdingCats/Saved/Config/Windows/Engine.ini]
[2021.11.21-22.36.35:607][  0]LogConfig: Setting CVar [[gc.MaxObjectsNotConsideredByGC:1]]
[2021.11.21-22.36.35:607][  0]LogConfig: Setting CVar [[gc.SizeOfPermanentObjectPool:0]]
[2021.11.21-22.36.35:607][  0]LogConfig: Setting CVar [[gc.FlushStreamingOnGC:0]]
[2021.11.21-22.36.35:607][  0]LogConfig: Setting CVar [[gc.NumRetriesBeforeForcingGC:10]]
[2021.11.21-22.36.35:607][  0]LogConfig: Setting CVar [[gc.AllowParallelGC:1]]
[2021.11.21-22.36.35:607][  0]LogConfig: Setting CVar [[gc.TimeBetweenPurgingPendingKillObjects:61.1]]
[2021.11.21-22.36.35:607][  0]LogConfig: Setting CVar [[gc.MaxObjectsInEditor:25165824]]
[2021.11.21-22.36.35:607][  0]LogConfig: Setting CVar [[gc.IncrementalBeginDestroyEnabled:1]]
[2021.11.21-22.36.35:607][  0]LogConfig: Setting CVar [[gc.CreateGCClusters:1]]
[2021.11.21-22.36.35:607][  0]LogConfig: Setting CVar [[gc.MinGCClusterSize:5]]
[2021.11.21-22.36.35:607][  0]LogConfig: Setting CVar [[gc.ActorClusteringEnabled:0]]
[2021.11.21-22.36.35:607][  0]LogConfig: Setting CVar [[gc.BlueprintClusteringEnabled:0]]
[2021.11.21-22.36.35:607][  0]LogConfig: Setting CVar [[gc.UseDisregardForGCOnDedicatedServers:0]]
[2021.11.21-22.36.35:607][  0]LogConfig: Setting CVar [[gc.MultithreadedDestructionEnabled:1]]
[2021.11.21-22.36.35:608][  0]LogConfig: Applying CVar settings from Section [/Script/Engine.NetworkSettings] File [E:/Documents/PortfolioRepos/CatGame/HerdingCats/Saved/Config/Windows/Engine.ini]
[2021.11.21-22.36.35:608][  0]LogConfig: Applying CVar settings from Section [/Script/UnrealEd.CookerSettings] File [E:/Documents/PortfolioRepos/CatGame/HerdingCats/Saved/Config/Windows/Engine.ini]
[2021.11.21-22.36.35:622][  0]LogConfig: Applying CVar settings from Section [ViewDistanceQuality@3] File [E:/Documents/PortfolioRepos/CatGame/HerdingCats/Saved/Config/Windows/Scalability.ini]
[2021.11.21-22.36.35:622][  0]LogConfig: Setting CVar [[r.SkeletalMeshLODBias:0]]
[2021.11.21-22.36.35:622][  0]LogConfig: Setting CVar [[r.ViewDistanceScale:1.0]]
[2021.11.21-22.36.35:622][  0]LogConfig: Applying CVar settings from Section [AntiAliasingQuality@3] File [E:/Documents/PortfolioRepos/CatGame/HerdingCats/Saved/Config/Windows/Scalability.ini]
[2021.11.21-22.36.35:622][  0]LogConfig: Setting CVar [[r.PostProcessAAQuality:4]]
[2021.11.21-22.36.35:622][  0]LogConfig: Applying CVar settings from Section [ShadowQuality@3] File [E:/Documents/PortfolioRepos/CatGame/HerdingCats/Saved/Config/Windows/Scalability.ini]
[2021.11.21-22.36.35:622][  0]LogConfig: Setting CVar [[r.LightFunctionQuality:1]]
[2021.11.21-22.36.35:622][  0]LogConfig: Setting CVar [[r.ShadowQuality:5]]
[2021.11.21-22.36.35:622][  0]LogConfig: Setting CVar [[r.Shadow.CSM.MaxCascades:10]]
[2021.11.21-22.36.35:622][  0]LogConfig: Setting CVar [[r.Shadow.MaxResolution:2048]]
[2021.11.21-22.36.35:622][  0]LogConfig: Setting CVar [[r.Shadow.MaxCSMResolution:2048]]
[2021.11.21-22.36.35:622][  0]LogConfig: Setting CVar [[r.Shadow.RadiusThreshold:0.01]]
[2021.11.21-22.36.35:622][  0]LogConfig: Setting CVar [[r.Shadow.DistanceScale:1.0]]
[2021.11.21-22.36.35:622][  0]LogConfig: Setting CVar [[r.Shadow.CSM.TransitionScale:1.0]]
[2021.11.21-22.36.35:622][  0]LogConfig: Setting CVar [[r.Shadow.PreShadowResolutionFactor:1.0]]
[2021.11.21-22.36.35:622][  0]LogConfig: Setting CVar [[r.DistanceFieldShadowing:1]]
[2021.11.21-22.36.35:622][  0]LogConfig: Setting CVar [[r.DistanceFieldAO:1]]
[2021.11.21-22.36.35:622][  0]LogConfig: Setting CVar [[r.AOQuality:2]]
[2021.11.21-22.36.35:622][  0]LogConfig: Setting CVar [[r.VolumetricFog:1]]
[2021.11.21-22.36.35:622][  0]LogConfig: Setting CVar [[r.VolumetricFog.GridPixelSize:8]]
[2021.11.21-22.36.35:622][  0]LogConfig: Setting CVar [[r.VolumetricFog.GridSizeZ:128]]
[2021.11.21-22.36.35:622][  0]LogConfig: Setting CVar [[r.VolumetricFog.HistoryMissSupersampleCount:4]]
[2021.11.21-22.36.35:622][  0]LogConfig: Setting CVar [[r.LightMaxDrawDistanceScale:1]]
[2021.11.21-22.36.35:622][  0]LogConfig: Setting CVar [[r.CapsuleShadows:1]]
[2021.11.21-22.36.35:622][  0]LogConfig: Applying CVar settings from Section [PostProcessQuality@3] File [E:/Documents/PortfolioRepos/CatGame/HerdingCats/Saved/Config/Windows/Scalability.ini]
[2021.11.21-22.36.35:622][  0]LogConfig: Setting CVar [[r.MotionBlurQuality:4]]
[2021.11.21-22.36.35:622][  0]LogConfig: Setting CVar [[r.AmbientOcclusionMipLevelFactor:0.4]]
[2021.11.21-22.36.35:622][  0]LogConfig: Setting CVar [[r.AmbientOcclusionMaxQuality:100]]
[2021.11.21-22.36.35:622][  0]LogConfig: Setting CVar [[r.AmbientOcclusionLevels:-1]]
[2021.11.21-22.36.35:622][  0]LogConfig: Setting CVar [[r.AmbientOcclusionRadiusScale:1.0]]
[2021.11.21-22.36.35:622][  0]LogConfig: Setting CVar [[r.DepthOfFieldQuality:2]]
[2021.11.21-22.36.35:622][  0]LogConfig: Setting CVar [[r.RenderTargetPoolMin:400]]
[2021.11.21-22.36.35:622][  0]LogConfig: Setting CVar [[r.LensFlareQuality:2]]
[2021.11.21-22.36.35:622][  0]LogConfig: Setting CVar [[r.SceneColorFringeQuality:1]]
[2021.11.21-22.36.35:622][  0]LogConfig: Setting CVar [[r.EyeAdaptationQuality:2]]
[2021.11.21-22.36.35:622][  0]LogConfig: Setting CVar [[r.BloomQuality:5]]
[2021.11.21-22.36.35:622][  0]LogConfig: Setting CVar [[r.FastBlurThreshold:100]]
[2021.11.21-22.36.35:622][  0]LogConfig: Setting CVar [[r.Upscale.Quality:3]]
[2021.11.21-22.36.35:622][  0]LogConfig: Setting CVar [[r.Tonemapper.GrainQuantization:1]]
[2021.11.21-22.36.35:622][  0]LogConfig: Setting CVar [[r.LightShaftQuality:1]]
[2021.11.21-22.36.35:622][  0]LogConfig: Setting CVar [[r.Filter.SizeScale:1]]
[2021.11.21-22.36.35:622][  0]LogConfig: Setting CVar [[r.Tonemapper.Quality:5]]
[2021.11.21-22.36.35:622][  0]LogConfig: Setting CVar [[r.DOF.Gather.AccumulatorQuality:1        ; higher gathering accumulator quality]]
[2021.11.21-22.36.35:622][  0]LogConfig: Setting CVar [[r.DOF.Gather.PostfilterMethod:1          ; Median3x3 postfilering method]]
[2021.11.21-22.36.35:622][  0]LogConfig: Setting CVar [[r.DOF.Gather.EnableBokehSettings:0       ; no bokeh simulation when gathering]]
[2021.11.21-22.36.35:622][  0]LogConfig: Setting CVar [[r.DOF.Gather.RingCount:4                 ; medium number of samples when gathering]]
[2021.11.21-22.36.35:622][  0]LogConfig: Setting CVar [[r.DOF.Scatter.ForegroundCompositing:1    ; additive foreground scattering]]
[2021.11.21-22.36.35:622][  0]LogConfig: Setting CVar [[r.DOF.Scatter.BackgroundCompositing:2    ; additive background scattering]]
[2021.11.21-22.36.35:622][  0]LogConfig: Setting CVar [[r.DOF.Scatter.EnableBokehSettings:1      ; bokeh simulation when scattering]]
[2021.11.21-22.36.35:622][  0]LogConfig: Setting CVar [[r.DOF.Scatter.MaxSpriteRatio:0.1         ; only a maximum of 10% of scattered bokeh]]
[2021.11.21-22.36.35:622][  0]LogConfig: Setting CVar [[r.DOF.Recombine.Quality:1                ; cheap slight out of focus]]
[2021.11.21-22.36.35:622][  0]LogConfig: Setting CVar [[r.DOF.Recombine.EnableBokehSettings:0    ; no bokeh simulation on slight out of focus]]
[2021.11.21-22.36.35:622][  0]LogConfig: Setting CVar [[r.DOF.TemporalAAQuality:1                ; more stable temporal accumulation]]
[2021.11.21-22.36.35:622][  0]LogConfig: Setting CVar [[r.DOF.Kernel.MaxForegroundRadius:0.025]]
[2021.11.21-22.36.35:622][  0]LogConfig: Setting CVar [[r.DOF.Kernel.MaxBackgroundRadius:0.025]]
[2021.11.21-22.36.35:622][  0]LogConfig: Applying CVar settings from Section [TextureQuality@3] File [E:/Documents/PortfolioRepos/CatGame/HerdingCats/Saved/Config/Windows/Scalability.ini]
[2021.11.21-22.36.35:622][  0]LogConfig: Setting CVar [[r.Streaming.MipBias:0]]
[2021.11.21-22.36.35:622][  0]LogConfig: Setting CVar [[r.Streaming.AmortizeCPUToGPUCopy:0]]
[2021.11.21-22.36.35:622][  0]LogConfig: Setting CVar [[r.Streaming.MaxNumTexturesToStreamPerFrame:0]]
[2021.11.21-22.36.35:622][  0]LogConfig: Setting CVar [[r.Streaming.Boost:1]]
[2021.11.21-22.36.35:622][  0]LogConfig: Setting CVar [[r.MaxAnisotropy:8]]
[2021.11.21-22.36.35:623][  0]LogConfig: Setting CVar [[r.VT.MaxAnisotropy:8]]
[2021.11.21-22.36.35:623][  0]LogConfig: Setting CVar [[r.Streaming.LimitPoolSizeToVRAM:0]]
[2021.11.21-22.36.35:623][  0]LogConfig: Setting CVar [[r.Streaming.PoolSize:1000]]
[2021.11.21-22.36.35:623][  0]LogConfig: Setting CVar [[r.Streaming.MaxEffectiveScreenSize:0]]
[2021.11.21-22.36.35:623][  0]LogConfig: Applying CVar settings from Section [EffectsQuality@3] File [E:/Documents/PortfolioRepos/CatGame/HerdingCats/Saved/Config/Windows/Scalability.ini]
[2021.11.21-22.36.35:623][  0]LogConfig: Setting CVar [[r.TranslucencyLightingVolumeDim:64]]
[2021.11.21-22.36.35:623][  0]LogConfig: Setting CVar [[r.RefractionQuality:2]]
[2021.11.21-22.36.35:623][  0]LogConfig: Setting CVar [[r.SSR.Quality:3]]
[2021.11.21-22.36.35:623][  0]LogConfig: Setting CVar [[r.SSR.HalfResSceneColor:0]]
[2021.11.21-22.36.35:623][  0]LogConfig: Setting CVar [[r.SceneColorFormat:4]]
[2021.11.21-22.36.35:623][  0]LogConfig: Setting CVar [[r.DetailMode:2]]
[2021.11.21-22.36.35:623][  0]LogConfig: Setting CVar [[r.TranslucencyVolumeBlur:1]]
[2021.11.21-22.36.35:623][  0]LogConfig: Setting CVar [[r.MaterialQualityLevel:1 ; High quality]]
[2021.11.21-22.36.35:623][  0]LogConfig: Setting CVar [[r.AnisotropicMaterials:1]]
[2021.11.21-22.36.35:623][  0]LogConfig: Setting CVar [[r.SSS.Scale:1]]
[2021.11.21-22.36.35:623][  0]LogConfig: Setting CVar [[r.SSS.SampleSet:2]]
[2021.11.21-22.36.35:623][  0]LogConfig: Setting CVar [[r.SSS.Quality:1]]
[2021.11.21-22.36.35:623][  0]LogConfig: Setting CVar [[r.SSS.HalfRes:0]]
[2021.11.21-22.36.35:623][  0]LogConfig: Setting CVar [[r.SSGI.Quality:3]]
[2021.11.21-22.36.35:623][  0]LogConfig: Setting CVar [[r.EmitterSpawnRateScale:1.0]]
[2021.11.21-22.36.35:623][  0]LogConfig: Setting CVar [[r.ParticleLightQuality:2]]
[2021.11.21-22.36.35:623][  0]LogConfig: Setting CVar [[r.SkyAtmosphere.AerialPerspectiveLUT.FastApplyOnOpaque:1 ; Always have FastSkyLUT 1 in this case to avoid wrong sky]]
[2021.11.21-22.36.35:623][  0]LogConfig: Setting CVar [[r.SkyAtmosphere.AerialPerspectiveLUT.SampleCountMaxPerSlice:4]]
[2021.11.21-22.36.35:623][  0]LogConfig: Setting CVar [[r.SkyAtmosphere.AerialPerspectiveLUT.DepthResolution:16.0]]
[2021.11.21-22.36.35:623][  0]LogConfig: Setting CVar [[r.SkyAtmosphere.FastSkyLUT:1]]
[2021.11.21-22.36.35:623][  0]LogConfig: Setting CVar [[r.SkyAtmosphere.FastSkyLUT.SampleCountMin:4.0]]
[2021.11.21-22.36.35:623][  0]LogConfig: Setting CVar [[r.SkyAtmosphere.FastSkyLUT.SampleCountMax:128.0]]
[2021.11.21-22.36.35:623][  0]LogConfig: Setting CVar [[r.SkyAtmosphere.SampleCountMin:4.0]]
[2021.11.21-22.36.35:623][  0]LogConfig: Setting CVar [[r.SkyAtmosphere.SampleCountMax:128.0]]
[2021.11.21-22.36.35:623][  0]LogConfig: Setting CVar [[r.SkyAtmosphere.TransmittanceLUT.UseSmallFormat:0]]
[2021.11.21-22.36.35:623][  0]LogConfig: Setting CVar [[r.SkyAtmosphere.TransmittanceLUT.SampleCount:10.0]]
[2021.11.21-22.36.35:623][  0]LogConfig: Setting CVar [[r.SkyAtmosphere.MultiScatteringLUT.SampleCount:15.0]]
[2021.11.21-22.36.35:623][  0]LogConfig: Setting CVar [[r.SkyLight.RealTimeReflectionCapture:1]]
[2021.11.21-22.36.35:623][  0]LogConfig: Applying CVar settings from Section [FoliageQuality@3] File [E:/Documents/PortfolioRepos/CatGame/HerdingCats/Saved/Config/Windows/Scalability.ini]
[2021.11.21-22.36.35:623][  0]LogConfig: Setting CVar [[foliage.DensityScale:1.0]]
[2021.11.21-22.36.35:623][  0]LogConfig: Setting CVar [[grass.DensityScale:1.0]]
[2021.11.21-22.36.35:623][  0]LogConfig: Applying CVar settings from Section [ShadingQuality@3] File [E:/Documents/PortfolioRepos/CatGame/HerdingCats/Saved/Config/Windows/Scalability.ini]
[2021.11.21-22.36.35:623][  0]LogConfig: Setting CVar [[r.HairStrands.SkyLighting.IntegrationType:2]]
[2021.11.21-22.36.35:623][  0]LogConfig: Setting CVar [[r.HairStrands.SkyAO.SampleCount:4]]
[2021.11.21-22.36.35:623][  0]LogConfig: Setting CVar [[r.HairStrands.Visibility.MSAA.SamplePerPixel:4]]
[2021.11.21-22.36.35:623][  0]LogInit: Selected Device Profile: [Windows]
[2021.11.21-22.36.35:623][  0]LogInit: Applying CVar settings loaded from the selected device profile: [Windows]
[2021.11.21-22.36.35:623][  0]LogHAL: Display: Platform has ~ 16 GB [17079050240 / 17179869184 / 16], which maps to Larger [LargestMinGB=32, LargerMinGB=12, DefaultMinGB=8, SmallerMinGB=6, SmallestMinGB=0)
[2021.11.21-22.36.35:623][  0]LogInit: Going up to parent DeviceProfile []
[2021.11.21-22.36.35:623][  0]LogConfig: Applying CVar settings from Section [ViewDistanceQuality@3] File [E:/Documents/PortfolioRepos/CatGame/HerdingCats/Saved/Config/Windows/Scalability.ini]
[2021.11.21-22.36.35:623][  0]LogConfig: Setting CVar [[r.SkeletalMeshLODBias:0]]
[2021.11.21-22.36.35:623][  0]LogConfig: Setting CVar [[r.ViewDistanceScale:1.0]]
[2021.11.21-22.36.35:623][  0]LogConfig: Applying CVar settings from Section [AntiAliasingQuality@3] File [E:/Documents/PortfolioRepos/CatGame/HerdingCats/Saved/Config/Windows/Scalability.ini]
[2021.11.21-22.36.35:623][  0]LogConfig: Setting CVar [[r.PostProcessAAQuality:4]]
[2021.11.21-22.36.35:623][  0]LogConfig: Applying CVar settings from Section [ShadowQuality@3] File [E:/Documents/PortfolioRepos/CatGame/HerdingCats/Saved/Config/Windows/Scalability.ini]
[2021.11.21-22.36.35:623][  0]LogConfig: Setting CVar [[r.LightFunctionQuality:1]]
[2021.11.21-22.36.35:623][  0]LogConfig: Setting CVar [[r.ShadowQuality:5]]
[2021.11.21-22.36.35:623][  0]LogConfig: Setting CVar [[r.Shadow.CSM.MaxCascades:10]]
[2021.11.21-22.36.35:623][  0]LogConfig: Setting CVar [[r.Shadow.MaxResolution:2048]]
[2021.11.21-22.36.35:623][  0]LogConfig: Setting CVar [[r.Shadow.MaxCSMResolution:2048]]
[2021.11.21-22.36.35:623][  0]LogConfig: Setting CVar [[r.Shadow.RadiusThreshold:0.01]]
[2021.11.21-22.36.35:623][  0]LogConfig: Setting CVar [[r.Shadow.DistanceScale:1.0]]
[2021.11.21-22.36.35:623][  0]LogConfig: Setting CVar [[r.Shadow.CSM.TransitionScale:1.0]]
[2021.11.21-22.36.35:623][  0]LogConfig: Setting CVar [[r.Shadow.PreShadowResolutionFactor:1.0]]
[2021.11.21-22.36.35:623][  0]LogConfig: Setting CVar [[r.DistanceFieldShadowing:1]]
[2021.11.21-22.36.35:623][  0]LogConfig: Setting CVar [[r.DistanceFieldAO:1]]
[2021.11.21-22.36.35:623][  0]LogConfig: Setting CVar [[r.AOQuality:2]]
[2021.11.21-22.36.35:623][  0]LogConfig: Setting CVar [[r.VolumetricFog:1]]
[2021.11.21-22.36.35:623][  0]LogConfig: Setting CVar [[r.VolumetricFog.GridPixelSize:8]]
[2021.11.21-22.36.35:623][  0]LogConfig: Setting CVar [[r.VolumetricFog.GridSizeZ:128]]
[2021.11.21-22.36.35:623][  0]LogConfig: Setting CVar [[r.VolumetricFog.HistoryMissSupersampleCount:4]]
[2021.11.21-22.36.35:623][  0]LogConfig: Setting CVar [[r.LightMaxDrawDistanceScale:1]]
[2021.11.21-22.36.35:623][  0]LogConfig: Setting CVar [[r.CapsuleShadows:1]]
[2021.11.21-22.36.35:623][  0]LogConfig: Applying CVar settings from Section [PostProcessQuality@3] File [E:/Documents/PortfolioRepos/CatGame/HerdingCats/Saved/Config/Windows/Scalability.ini]
[2021.11.21-22.36.35:623][  0]LogConfig: Setting CVar [[r.MotionBlurQuality:4]]
[2021.11.21-22.36.35:623][  0]LogConfig: Setting CVar [[r.AmbientOcclusionMipLevelFactor:0.4]]
[2021.11.21-22.36.35:623][  0]LogConfig: Setting CVar [[r.AmbientOcclusionMaxQuality:100]]
[2021.11.21-22.36.35:623][  0]LogConfig: Setting CVar [[r.AmbientOcclusionLevels:-1]]
[2021.11.21-22.36.35:623][  0]LogConfig: Setting CVar [[r.AmbientOcclusionRadiusScale:1.0]]
[2021.11.21-22.36.35:623][  0]LogConfig: Setting CVar [[r.DepthOfFieldQuality:2]]
[2021.11.21-22.36.35:623][  0]LogConfig: Setting CVar [[r.RenderTargetPoolMin:400]]
[2021.11.21-22.36.35:623][  0]LogConfig: Setting CVar [[r.LensFlareQuality:2]]
[2021.11.21-22.36.35:623][  0]LogConfig: Setting CVar [[r.SceneColorFringeQuality:1]]
[2021.11.21-22.36.35:623][  0]LogConfig: Setting CVar [[r.EyeAdaptationQuality:2]]
[2021.11.21-22.36.35:623][  0]LogConfig: Setting CVar [[r.BloomQuality:5]]
[2021.11.21-22.36.35:623][  0]LogConfig: Setting CVar [[r.FastBlurThreshold:100]]
[2021.11.21-22.36.35:623][  0]LogConfig: Setting CVar [[r.Upscale.Quality:3]]
[2021.11.21-22.36.35:623][  0]LogConfig: Setting CVar [[r.Tonemapper.GrainQuantization:1]]
[2021.11.21-22.36.35:623][  0]LogConfig: Setting CVar [[r.LightShaftQuality:1]]
[2021.11.21-22.36.35:624][  0]LogConfig: Setting CVar [[r.Filter.SizeScale:1]]
[2021.11.21-22.36.35:624][  0]LogConfig: Setting CVar [[r.Tonemapper.Quality:5]]
[2021.11.21-22.36.35:624][  0]LogConfig: Setting CVar [[r.DOF.Gather.AccumulatorQuality:1        ; higher gathering accumulator quality]]
[2021.11.21-22.36.35:624][  0]LogConfig: Setting CVar [[r.DOF.Gather.PostfilterMethod:1          ; Median3x3 postfilering method]]
[2021.11.21-22.36.35:624][  0]LogConfig: Setting CVar [[r.DOF.Gather.EnableBokehSettings:0       ; no bokeh simulation when gathering]]
[2021.11.21-22.36.35:624][  0]LogConfig: Setting CVar [[r.DOF.Gather.RingCount:4                 ; medium number of samples when gathering]]
[2021.11.21-22.36.35:624][  0]LogConfig: Setting CVar [[r.DOF.Scatter.ForegroundCompositing:1    ; additive foreground scattering]]
[2021.11.21-22.36.35:624][  0]LogConfig: Setting CVar [[r.DOF.Scatter.BackgroundCompositing:2    ; additive background scattering]]
[2021.11.21-22.36.35:624][  0]LogConfig: Setting CVar [[r.DOF.Scatter.EnableBokehSettings:1      ; bokeh simulation when scattering]]
[2021.11.21-22.36.35:624][  0]LogConfig: Setting CVar [[r.DOF.Scatter.MaxSpriteRatio:0.1         ; only a maximum of 10% of scattered bokeh]]
[2021.11.21-22.36.35:624][  0]LogConfig: Setting CVar [[r.DOF.Recombine.Quality:1                ; cheap slight out of focus]]
[2021.11.21-22.36.35:624][  0]LogConfig: Setting CVar [[r.DOF.Recombine.EnableBokehSettings:0    ; no bokeh simulation on slight out of focus]]
[2021.11.21-22.36.35:624][  0]LogConfig: Setting CVar [[r.DOF.TemporalAAQuality:1                ; more stable temporal accumulation]]
[2021.11.21-22.36.35:624][  0]LogConfig: Setting CVar [[r.DOF.Kernel.MaxForegroundRadius:0.025]]
[2021.11.21-22.36.35:624][  0]LogConfig: Setting CVar [[r.DOF.Kernel.MaxBackgroundRadius:0.025]]
[2021.11.21-22.36.35:624][  0]LogConfig: Applying CVar settings from Section [TextureQuality@3] File [E:/Documents/PortfolioRepos/CatGame/HerdingCats/Saved/Config/Windows/Scalability.ini]
[2021.11.21-22.36.35:624][  0]LogConfig: Setting CVar [[r.Streaming.MipBias:0]]
[2021.11.21-22.36.35:624][  0]LogConfig: Setting CVar [[r.Streaming.AmortizeCPUToGPUCopy:0]]
[2021.11.21-22.36.35:624][  0]LogConfig: Setting CVar [[r.Streaming.MaxNumTexturesToStreamPerFrame:0]]
[2021.11.21-22.36.35:624][  0]LogConfig: Setting CVar [[r.Streaming.Boost:1]]
[2021.11.21-22.36.35:624][  0]LogConfig: Setting CVar [[r.MaxAnisotropy:8]]
[2021.11.21-22.36.35:624][  0]LogConfig: Setting CVar [[r.VT.MaxAnisotropy:8]]
[2021.11.21-22.36.35:624][  0]LogConfig: Setting CVar [[r.Streaming.LimitPoolSizeToVRAM:0]]
[2021.11.21-22.36.35:624][  0]LogConfig: Setting CVar [[r.Streaming.PoolSize:1000]]
[2021.11.21-22.36.35:624][  0]LogConfig: Setting CVar [[r.Streaming.MaxEffectiveScreenSize:0]]
[2021.11.21-22.36.35:624][  0]LogConfig: Applying CVar settings from Section [EffectsQuality@3] File [E:/Documents/PortfolioRepos/CatGame/HerdingCats/Saved/Config/Windows/Scalability.ini]
[2021.11.21-22.36.35:624][  0]LogConfig: Setting CVar [[r.TranslucencyLightingVolumeDim:64]]
[2021.11.21-22.36.35:624][  0]LogConfig: Setting CVar [[r.RefractionQuality:2]]
[2021.11.21-22.36.35:624][  0]LogConfig: Setting CVar [[r.SSR.Quality:3]]
[2021.11.21-22.36.35:624][  0]LogConfig: Setting CVar [[r.SSR.HalfResSceneColor:0]]
[2021.11.21-22.36.35:624][  0]LogConfig: Setting CVar [[r.SceneColorFormat:4]]
[2021.11.21-22.36.35:624][  0]LogConfig: Setting CVar [[r.DetailMode:2]]
[2021.11.21-22.36.35:624][  0]LogConfig: Setting CVar [[r.TranslucencyVolumeBlur:1]]
[2021.11.21-22.36.35:624][  0]LogConfig: Setting CVar [[r.MaterialQualityLevel:1 ; High quality]]
[2021.11.21-22.36.35:624][  0]LogConfig: Setting CVar [[r.AnisotropicMaterials:1]]
[2021.11.21-22.36.35:624][  0]LogConfig: Setting CVar [[r.SSS.Scale:1]]
[2021.11.21-22.36.35:624][  0]LogConfig: Setting CVar [[r.SSS.SampleSet:2]]
[2021.11.21-22.36.35:624][  0]LogConfig: Setting CVar [[r.SSS.Quality:1]]
[2021.11.21-22.36.35:624][  0]LogConfig: Setting CVar [[r.SSS.HalfRes:0]]
[2021.11.21-22.36.35:624][  0]LogConfig: Setting CVar [[r.SSGI.Quality:3]]
[2021.11.21-22.36.35:624][  0]LogConfig: Setting CVar [[r.EmitterSpawnRateScale:1.0]]
[2021.11.21-22.36.35:624][  0]LogConfig: Setting CVar [[r.ParticleLightQuality:2]]
[2021.11.21-22.36.35:624][  0]LogConfig: Setting CVar [[r.SkyAtmosphere.AerialPerspectiveLUT.FastApplyOnOpaque:1 ; Always have FastSkyLUT 1 in this case to avoid wrong sky]]
[2021.11.21-22.36.35:624][  0]LogConfig: Setting CVar [[r.SkyAtmosphere.AerialPerspectiveLUT.SampleCountMaxPerSlice:4]]
[2021.11.21-22.36.35:624][  0]LogConfig: Setting CVar [[r.SkyAtmosphere.AerialPerspectiveLUT.DepthResolution:16.0]]
[2021.11.21-22.36.35:624][  0]LogConfig: Setting CVar [[r.SkyAtmosphere.FastSkyLUT:1]]
[2021.11.21-22.36.35:624][  0]LogConfig: Setting CVar [[r.SkyAtmosphere.FastSkyLUT.SampleCountMin:4.0]]
[2021.11.21-22.36.35:624][  0]LogConfig: Setting CVar [[r.SkyAtmosphere.FastSkyLUT.SampleCountMax:128.0]]
[2021.11.21-22.36.35:624][  0]LogConfig: Setting CVar [[r.SkyAtmosphere.SampleCountMin:4.0]]
[2021.11.21-22.36.35:624][  0]LogConfig: Setting CVar [[r.SkyAtmosphere.SampleCountMax:128.0]]
[2021.11.21-22.36.35:624][  0]LogConfig: Setting CVar [[r.SkyAtmosphere.TransmittanceLUT.UseSmallFormat:0]]
[2021.11.21-22.36.35:624][  0]LogConfig: Setting CVar [[r.SkyAtmosphere.TransmittanceLUT.SampleCount:10.0]]
[2021.11.21-22.36.35:624][  0]LogConfig: Setting CVar [[r.SkyAtmosphere.MultiScatteringLUT.SampleCount:15.0]]
[2021.11.21-22.36.35:624][  0]LogConfig: Setting CVar [[r.SkyLight.RealTimeReflectionCapture:1]]
[2021.11.21-22.36.35:624][  0]LogConfig: Applying CVar settings from Section [FoliageQuality@3] File [E:/Documents/PortfolioRepos/CatGame/HerdingCats/Saved/Config/Windows/Scalability.ini]
[2021.11.21-22.36.35:624][  0]LogConfig: Setting CVar [[foliage.DensityScale:1.0]]
[2021.11.21-22.36.35:624][  0]LogConfig: Setting CVar [[grass.DensityScale:1.0]]
[2021.11.21-22.36.35:624][  0]LogConfig: Applying CVar settings from Section [ShadingQuality@3] File [E:/Documents/PortfolioRepos/CatGame/HerdingCats/Saved/Config/Windows/Scalability.ini]
[2021.11.21-22.36.35:624][  0]LogConfig: Setting CVar [[r.HairStrands.SkyLighting.IntegrationType:2]]
[2021.11.21-22.36.35:624][  0]LogConfig: Setting CVar [[r.HairStrands.SkyAO.SampleCount:4]]
[2021.11.21-22.36.35:624][  0]LogConfig: Setting CVar [[r.HairStrands.Visibility.MSAA.SamplePerPixel:4]]
[2021.11.21-22.36.35:624][  0]LogConfig: Applying CVar settings from Section [Startup] File [../../../Engine/Config/ConsoleVariables.ini]
[2021.11.21-22.36.35:624][  0]LogConfig: Setting CVar [[net.UseAdaptiveNetUpdateFrequency:0]]
[2021.11.21-22.36.35:624][  0]LogConfig: Setting CVar [[p.chaos.AllowCreatePhysxBodies:1]]
[2021.11.21-22.36.35:624][  0]LogConfig: Setting CVar [[fx.SkipVectorVMBackendOptimizations:1]]
[2021.11.21-22.36.35:624][  0]LogConfig: Applying CVar settings from Section [ConsoleVariables] File [E:/Documents/PortfolioRepos/CatGame/HerdingCats/Saved/Config/Windows/Engine.ini]
[2021.11.21-22.36.35:624][  0]LogConfig: Applying CVar settings from Section [ConsoleVariables] File [E:/Documents/PortfolioRepos/CatGame/HerdingCats/Saved/Config/Windows/Editor.ini]
[2021.11.21-22.36.35:625][  0]LogInit: Computer: DESKTOP-H1JU953
[2021.11.21-22.36.35:625][  0]LogInit: User: James
[2021.11.21-22.36.35:625][  0]LogInit: CPU Page size=4096, Cores=6
[2021.11.21-22.36.35:625][  0]LogInit: High frequency timer resolution =10.000000 MHz
[2021.11.21-22.36.35:625][  0]LogMemory: Memory total: Physical=15.9GB (16GB approx)
[2021.11.21-22.36.35:625][  0]LogMemory: Platform Memory Stats for Windows
[2021.11.21-22.36.35:625][  0]LogMemory: Process Physical Memory: 142.80 MB used, 142.81 MB peak
[2021.11.21-22.36.35:625][  0]LogMemory: Process Virtual Memory: 114.05 MB used, 114.05 MB peak
[2021.11.21-22.36.35:625][  0]LogMemory: Physical Memory: 12906.37 MB used,  3381.48 MB free, 16287.85 MB total
[2021.11.21-22.36.35:625][  0]LogMemory: Virtual Memory: 134213608.00 MB used,  4116.08 MB free, 134217728.00 MB total
[2021.11.21-22.36.35:629][  0]LogWindows: WindowsPlatformFeatures enabled
[2021.11.21-22.36.35:666][  0]LogInit: Physics initialised using underlying interface: PhysX
[2021.11.21-22.36.35:666][  0]LogInit: Using OS detected language (en-GB).
[2021.11.21-22.36.35:666][  0]LogInit: Using OS detected locale (en-GB).
[2021.11.21-22.36.35:669][  0]LogTextLocalizationManager: No specific localization for 'en-GB' exists, so the 'en' localization will be used.
[2021.11.21-22.36.35:860][  0]LogInit: Setting process to per monitor DPI aware
[2021.11.21-22.36.35:871][  0]LogWindowsTextInputMethodSystem: Display: IME system deactivated.
[2021.11.21-22.36.35:885][  0]LogSlate: New Slate User Created.  User Index 0, Is Virtual User: 0
[2021.11.21-22.36.35:885][  0]LogSlate: Slate User Registered.  User Index 0, Is Virtual User: 0
[2021.11.21-22.36.36:084][  0]LogD3D11RHI: Loaded GFSDK_Aftermath_Lib.x64.dll
[2021.11.21-22.36.36:086][  0]LogHMD: Failed to initialize OpenVR with code 110
[2021.11.21-22.36.36:086][  0]LogD3D11RHI: D3D11 min allowed feature level: 11_0
[2021.11.21-22.36.36:086][  0]LogD3D11RHI: D3D11 max allowed feature level: 11_0
[2021.11.21-22.36.36:086][  0]LogD3D11RHI: D3D11 adapters:
[2021.11.21-22.36.36:171][  0]LogD3D11RHI:    0. 'NVIDIA GeForce GTX 970' (Feature Level 11_0)
[2021.11.21-22.36.36:171][  0]LogD3D11RHI:       4043/0/8143 MB DedicatedVideo/DedicatedSystem/SharedSystem, Outputs:2, VendorId:0x10de
[2021.11.21-22.36.36:173][  0]LogD3D11RHI:    1. 'Microsoft Basic Render Driver' (Feature Level 11_0)
[2021.11.21-22.36.36:173][  0]LogD3D11RHI:       0/0/8143 MB DedicatedVideo/DedicatedSystem/SharedSystem, Outputs:0, VendorId:0x1414
[2021.11.21-22.36.36:173][  0]LogD3D11RHI: Chosen D3D11 Adapter:
[2021.11.21-22.36.36:173][  0]LogD3D11RHI:     Description : NVIDIA GeForce GTX 970
[2021.11.21-22.36.36:173][  0]LogD3D11RHI:     VendorId    : 10de
[2021.11.21-22.36.36:173][  0]LogD3D11RHI:     DeviceId    : 13c2
[2021.11.21-22.36.36:173][  0]LogD3D11RHI:     SubSysId    : 367a1458
[2021.11.21-22.36.36:173][  0]LogD3D11RHI:     Revision    : 00a1
[2021.11.21-22.36.36:173][  0]LogD3D11RHI:     DedicatedVideoMemory : 4240048128 bytes
[2021.11.21-22.36.36:173][  0]LogD3D11RHI:     DedicatedSystemMemory : 0 bytes
[2021.11.21-22.36.36:173][  0]LogD3D11RHI:     SharedSystemMemory : 8539525120 bytes
[2021.11.21-22.36.36:173][  0]LogD3D11RHI:     AdapterLuid : 0 41945
[2021.11.21-22.36.36:179][  0]LogD3D11RHI: Creating new Direct3DDevice
[2021.11.21-22.36.36:179][  0]LogD3D11RHI:     GPU DeviceId: 0x13c2 (for the marketing name, search the web for "GPU Device Id")
[2021.11.21-22.36.36:179][  0]LogWindows: EnumDisplayDevices:
[2021.11.21-22.36.36:179][  0]LogWindows:    0. 'NVIDIA GeForce GTX 970' (P:1 D:1)
[2021.11.21-22.36.36:179][  0]LogWindows:    1. 'NVIDIA GeForce GTX 970' (P:0 D:1)
[2021.11.21-22.36.36:179][  0]LogWindows:    2. 'NVIDIA GeForce GTX 970' (P:0 D:0)
[2021.11.21-22.36.36:180][  0]LogWindows:    3. 'NVIDIA GeForce GTX 970' (P:0 D:0)
[2021.11.21-22.36.36:180][  0]LogWindows: DebugString: FoundDriverCount:4 
[2021.11.21-22.36.36:180][  0]LogD3D11RHI:     Adapter Name: NVIDIA GeForce GTX 970
[2021.11.21-22.36.36:180][  0]LogD3D11RHI:   Driver Version: 496.49 (internal:30.0.14.9649, unified:496.49)
[2021.11.21-22.36.36:180][  0]LogD3D11RHI:      Driver Date: 10-20-2021
[2021.11.21-22.36.36:180][  0]LogRHI: Texture pool is 2830 MB (70% of 4043 MB)
[2021.11.21-22.36.36:180][  0]LogD3D11RHI: Creating D3DDevice using adapter:
[2021.11.21-22.36.36:180][  0]LogD3D11RHI:     Description : NVIDIA GeForce GTX 970
[2021.11.21-22.36.36:180][  0]LogD3D11RHI:     VendorId    : 10de
[2021.11.21-22.36.36:180][  0]LogD3D11RHI:     DeviceId    : 13c2
[2021.11.21-22.36.36:180][  0]LogD3D11RHI:     SubSysId    : 367a1458
[2021.11.21-22.36.36:180][  0]LogD3D11RHI:     Revision    : 00a1
[2021.11.21-22.36.36:180][  0]LogD3D11RHI:     DedicatedVideoMemory : 4240048128 bytes
[2021.11.21-22.36.36:180][  0]LogD3D11RHI:     DedicatedSystemMemory : 0 bytes
[2021.11.21-22.36.36:180][  0]LogD3D11RHI:     SharedSystemMemory : 8539525120 bytes
[2021.11.21-22.36.36:180][  0]LogD3D11RHI:     AdapterLuid : 0 41945
[2021.11.21-22.36.36:235][  0]LogD3D11RHI: RHI has support for 64 bit atomics
[2021.11.21-22.36.36:235][  0]LogD3D11RHI: Async texture creation enabled
[2021.11.21-22.36.36:235][  0]LogD3D11RHI: Array index from any shader is supported
[2021.11.21-22.36.36:255][  0]LogD3D11RHI: GPU Timing Frequency: 1000.000000 (Debug: 2 1)
[2021.11.21-22.36.36:281][  0]LogRHI: GeForceNow SDK initialized: 1
[2021.11.21-22.36.36:557][  0]LogTargetPlatformManager: Display: Loaded TargetPlatform 'AllDesktop'
[2021.11.21-22.36.36:577][  0]LogTargetPlatformManager: Display: Loaded TargetPlatform 'Android'
[2021.11.21-22.36.36:577][  0]LogTargetPlatformManager: Display: Loaded TargetPlatform 'Android_ASTC'
[2021.11.21-22.36.36:577][  0]LogTargetPlatformManager: Display: Loaded TargetPlatform 'Android_DXT'
[2021.11.21-22.36.36:577][  0]LogTargetPlatformManager: Display: Loaded TargetPlatform 'Android_ETC2'
[2021.11.21-22.36.36:577][  0]LogTargetPlatformManager: Display: Loaded TargetPlatform 'AndroidClient'
[2021.11.21-22.36.36:577][  0]LogTargetPlatformManager: Display: Loaded TargetPlatform 'Android_ASTCClient'
[2021.11.21-22.36.36:577][  0]LogTargetPlatformManager: Display: Loaded TargetPlatform 'Android_DXTClient'
[2021.11.21-22.36.36:577][  0]LogTargetPlatformManager: Display: Loaded TargetPlatform 'Android_ETC2Client'
[2021.11.21-22.36.36:577][  0]LogTargetPlatformManager: Display: Loaded TargetPlatform 'Android_Multi'
[2021.11.21-22.36.36:577][  0]LogTargetPlatformManager: Display: Loaded TargetPlatform 'Android_MultiClient'
[2021.11.21-22.36.36:594][  0]LogTargetPlatformManager: Display: Loaded TargetPlatform 'IOSClient'
[2021.11.21-22.36.36:594][  0]LogTargetPlatformManager: Display: Loaded TargetPlatform 'IOS'
[2021.11.21-22.36.36:603][  0]LogTargetPlatformManager: Display: Loaded TargetPlatform 'Linux'
[2021.11.21-22.36.36:608][  0]LogTargetPlatformManager: Display: Loaded TargetPlatform 'LinuxNoEditor'
[2021.11.21-22.36.36:612][  0]LogTargetPlatformManager: Display: Loaded TargetPlatform 'LinuxClient'
[2021.11.21-22.36.36:616][  0]LogTargetPlatformManager: Display: Loaded TargetPlatform 'LinuxServer'
[2021.11.21-22.36.36:625][  0]LogTargetPlatformManager: Display: Loaded TargetPlatform 'LinuxAArch64NoEditor'
[2021.11.21-22.36.36:629][  0]LogTargetPlatformManager: Display: Loaded TargetPlatform 'LinuxAArch64Client'
[2021.11.21-22.36.36:633][  0]LogTargetPlatformManager: Display: Loaded TargetPlatform 'LinuxAArch64Server'
[2021.11.21-22.36.36:655][  0]LogTargetPlatformManager: Display: Loaded TargetPlatform 'Lumin'
[2021.11.21-22.36.36:655][  0]LogTargetPlatformManager: Display: Loaded TargetPlatform 'LuminClient'
[2021.11.21-22.36.36:662][  0]LogTargetPlatformManager: Display: Loaded TargetPlatform 'MacNoEditor'
[2021.11.21-22.36.36:666][  0]LogTargetPlatformManager: Display: Loaded TargetPlatform 'Mac'
[2021.11.21-22.36.36:671][  0]LogTargetPlatformManager: Display: Loaded TargetPlatform 'MacClient'
[2021.11.21-22.36.36:676][  0]LogTargetPlatformManager: Display: Loaded TargetPlatform 'MacServer'
[2021.11.21-22.36.36:684][  0]LogTargetPlatformManager: Display: Loaded TargetPlatform 'TVOSClient'
[2021.11.21-22.36.36:684][  0]LogTargetPlatformManager: Display: Loaded TargetPlatform 'TVOS'
[2021.11.21-22.36.36:692][  0]LogTargetPlatformManager: Display: Loaded TargetPlatform 'WindowsNoEditor'
[2021.11.21-22.36.36:696][  0]LogTargetPlatformManager: Display: Loaded TargetPlatform 'Windows'
[2021.11.21-22.36.36:700][  0]LogTargetPlatformManager: Display: Loaded TargetPlatform 'WindowsClient'
[2021.11.21-22.36.36:704][  0]LogTargetPlatformManager: Display: Loaded TargetPlatform 'WindowsServer'
[2021.11.21-22.36.36:704][  0]LogTargetPlatformManager: Display: Building Assets For Windows
[2021.11.21-22.36.36:711][  0]LogAudioDebug: Display: Lib vorbis DLL was dynamically loaded.
[2021.11.21-22.36.36:736][  0]LogTextureFormatOodle: Display: Oodle Texture 2.9.0 init RDO Off
[2021.11.21-22.36.36:763][  0]LogRendererCore: Ray tracing is disabled. Reason: r.RayTracing=0.
[2021.11.21-22.36.36:763][  0]LogShaderCompilers: Guid format shader working directory is -14 characters bigger than the processId version (../../../../../Documents/PortfolioRepos/CatGame/HerdingCats/Intermediate/Shaders/WorkingDirectory/18808/).
[2021.11.21-22.36.36:763][  0]LogShaderCompilers: Cleaned the shader compiler working directory 'C:/Users/James/AppData/Local/Temp/UnrealShaderWorkingDir/F505BDE740F7F33D393FD6AE2F89619C/'.
[2021.11.21-22.36.36:763][  0]LogXGEController: Cannot use XGE Controller as Incredibuild is not installed on this machine.
[2021.11.21-22.36.36:763][  0]LogShaderCompilers: Cannot use XGE Shader Compiler as Incredibuild is not installed on this machine.
[2021.11.21-22.36.36:763][  0]LogShaderCompilers: Display: Using Local Shader Compiler.
[2021.11.21-22.36.37:487][  0]LogDerivedDataCache: Display: Max Cache Size: 512 MB
[2021.11.21-22.36.37:540][  0]LogDerivedDataCache: Loaded boot cache 0.05s 94MB C:/Users/James/AppData/Local/UnrealEngine/4.27/DerivedDataCache/Boot.ddc.
[2021.11.21-22.36.37:540][  0]LogDerivedDataCache: Display: Loaded Boot cache: C:/Users/James/AppData/Local/UnrealEngine/4.27/DerivedDataCache/Boot.ddc
[2021.11.21-22.36.37:540][  0]LogDerivedDataCache: FDerivedDataBackendGraph:  Pak pak cache file ../../../../../Documents/PortfolioRepos/CatGame/HerdingCats/DerivedDataCache/DDC.ddp not found, will not use a pak cache.
[2021.11.21-22.36.37:540][  0]LogDerivedDataCache: Unable to find inner node Pak for hierarchical cache Hierarchy.
[2021.11.21-22.36.37:540][  0]LogDerivedDataCache: FDerivedDataBackendGraph:  CompressedPak pak cache file ../../../../../Documents/PortfolioRepos/CatGame/HerdingCats/DerivedDataCache/Compressed.ddp not found, will not use a pak cache.
[2021.11.21-22.36.37:540][  0]LogDerivedDataCache: Unable to find inner node CompressedPak for hierarchical cache Hierarchy.
[2021.11.21-22.36.37:558][  0]LogDerivedDataCache: Display: Pak cache opened for reading ../../../Engine/DerivedDataCache/Compressed.ddp.
[2021.11.21-22.36.37:558][  0]LogDerivedDataCache: FDerivedDataBackendGraph:  EnterprisePak pak cache file ../../../Enterprise/DerivedDataCache/Compressed.ddp not found, will not use a pak cache.
[2021.11.21-22.36.37:558][  0]LogDerivedDataCache: Unable to find inner node EnterprisePak for hierarchical cache Hierarchy.
[2021.11.21-22.36.37:564][  0]LogDerivedDataCache: Speed tests for C:/Users/James/AppData/Local/UnrealEngine/Common/DerivedDataCache took 0.01 seconds
[2021.11.21-22.36.37:564][  0]LogDerivedDataCache: Display: Performance to C:/Users/James/AppData/Local/UnrealEngine/Common/DerivedDataCache: Latency=0.03ms. RandomReadSpeed=1633.32MBs, RandomWriteSpeed=179.48MBs. Assigned SpeedClass 'Local'
[2021.11.21-22.36.37:565][  0]LogDerivedDataCache: Using Local data cache path C:/Users/James/AppData/Local/UnrealEngine/Common/DerivedDataCache: Writable
[2021.11.21-22.36.37:565][  0]LogDerivedDataCache: Shared data cache path not found in *engine.ini, will not use an Shared cache.
[2021.11.21-22.36.37:565][  0]LogDerivedDataCache: Unable to find inner node Shared for hierarchical cache Hierarchy.
[2021.11.21-22.36.37:614][  0]LogSlate: Using FreeType 2.10.0
[2021.11.21-22.36.37:615][  0]LogSlate: SlateFontServices - WITH_FREETYPE: 1, WITH_HARFBUZZ: 1
[2021.11.21-22.36.37:640][  0]LogAssetRegistry: FAssetRegistry took 0.0031 seconds to start up
[2021.11.21-22.36.37:871][  0]LogInit: Selected Device Profile: [Windows]
[2021.11.21-22.36.37:871][  0]LogInit: Active device profile: [000001304EEE0900][000001305016D200 49] Windows
[2021.11.21-22.36.37:871][  0]LogInit: Profiles: [000001304EEE0900][000001305016D200 49] Windows, [000001304EE9F300][0000013049499380 49] WindowsNoEditor, [000001304EEE3500][000001304FB8B500 49] WindowsServer, [000001304EE9FD00][000001304FB8F680 49] WindowsClient, [000001304EEE3800][000001304FB93800 49] IOS, [000001304EE9E300][000001304FD49980 49] iPadAir, [000001304EEE2000][000001304FD4DB00 49] iPadAir2, [000001304EE2CA00][00000130494FC240 49] IPadPro, [000001304EE2CB00][00000130494F8280 49] iPadAir3, [000001304EE9D200][0000013049500400 49] iPadAir4, [000001304EE2F400][000001304FD50580 49] iPadMini2, [000001304EE9E500][000001304FC42700 49] iPadMini3, [000001304EE2D700][000001304FC6E880 49] iPadMini4, [000001304EEE0F00][000001304FC76A00 49] iPadMini5, [000001304EE50300][000001304FC90C40 49] iPhone6, [000001304EE50400][000001304FEACC80 49] iPodTouch6, [000001304EE2F600][000001304FC98EC0 49] iPhone7, [000001304EE2D800][000001304FC94F00 49] iPodTouch7, [000001304EE53F00][000001304D56B080 49] iPhone5S, [000001304EE9DE00][000001304D56F200 49] iPhone6Plus, [000001304EE2C200][000001304D5B1380 49] iPhone6S, [000001304EE9DD00][000001304D5C1500 49] iPhone6SPlus, [000001304EE2FC00][000001304D5DB680 49] iPhone7Plus, [000001304EE9F800][000001304D5DF800 49] iPhoneSE, [000001304EE2F500][000001304D5E3980 49] iPhone8, [000001304EE9D900][000001304D5E7B00 49] iPhone8Plus, [000001304EE2E600][000001304D5EA100 49] iPhoneX, [000001304EE9E000][000001304D5EE280 49] iPhoneXS, [000001304EE2E000][000001304D5F2400 49] iPhoneXSMax, [000001304EE9F500][000001304D5FC580 49] iPhoneXR, [000001304EE2F700][000001304FB1C700 49] iPhone11, [000001304EE9FE00][000001304FB20880 49] iPhone11Pro, [000001304EE2F800][000001304FB24A00 49] iPhone11ProMax, [000001304EE9FC00][000001304FB28B80 49] iPhoneSE2, [000001304EE2EE00][000001304FB40D00 49] iPhone12Mini, [000001304EE9E200][000001304D566E40 49] iPhone12, [000001304EE2D100][000001304FB80F80 49] iPhone12Pro, [000001304EE9F100][000001304FB850C0 49] iPhone12ProMax, [000001304EE2E300][0000013050545240 49] iPadPro105, [000001304EE9FF00][000001305054D3C0 49] iPadPro129, [000001304EE2F300][0000013050551540 49] iPadPro97, [000001304EE9DA00][000001304FD356C0 49] iPadPro2_129, [000001304EE2D400][000001304FD39840 49] iPad5, [000001304EE9EF00][000001304FD3D9C0 49] iPad6, [000001304EE2F100][000001304FD2BB40 49] iPad7, [000001304EE9D500][0000013050548140 49] iPad8, [000001304EE2E800][000001304FD402C0 49] iPadPro11, [000001304EE9D600][000001304FD44440 49] iPadPro2_11, [000001304EE2DB00][00000130505765C0 49] iPadPro3_129, [000001304EE9F400][000001305057A740 49] iPadPro4_129, [000001304EE2D500][000001304FFD08C0 49] AppleTV, [000001304EE9DB00][000001304FFD4A40 49] AppleTV4K, [000001304EE2C100][000001304FFD8BC0 49] TVOS, [000001304EE9E100][000001304FFDCD40 49] Mac, [000001304EE2E700][0000013049486EC0 49] MacClient, [000001304EE9EA00][0000013050541000 49] MacNoEditor, [000001304EE2F900][000001304FBB7140 49] MacServer, [000001304EE9F000][000001304FD55280 49] Linux, [000001304EE2E200][00000130448DD3C0 49] LinuxAArch64, [000001304EE9CB00][000001304948B540 49] LinuxNoEditor, [000001304EE2FB00][000001304948F6C0 49] LinuxAArch64NoEditor, [000001304EE9C100][0000013049493840 49] LinuxClient, [000001304EE2DD00][000001304FEB19C0 49] LinuxAArch64Client, [000001304EE9D100][000001304FEB5B40 49] LinuxServer, [000001304EE2E100][000001304FEB8140 49] LinuxAArch64Server, [000001304EE9CE00][000001304FEBC2C0 49] Android, [000001304EE2C500][000001304FEC0440 49] Android_Low, [000001304EE9E600][000001304FEC45C0 49] Android_Mid, [000001304EEE3A00][000001304FEC8740 49] Android_High, [000001304EE51C00][000001304FECC8C0 49] Android_Default, [000001304EEE2100][000001304FED0A40 49] Android_Adreno4xx, [000001304EE52700][000001304FED4BC0 49] Android_Adreno5xx_Low, [000001304EEE0B00][000001304FED8D40 49] Android_Adreno5xx, [000001304EE52D00][000001304FEDCEC0 49] Android_Adreno6xx, [000001304EEE1200][000001304FEE1040 49] Android_Adreno6xx_Vulkan, [000001304EE52800][000001304FC8D180 49] Android_Mali_T6xx, [000001304EEE3200][000001304FEE52C0 49] Android_Mali_T7xx, [000001304EE52E00][000001304FEE9400 49] Android_Mali_T8xx, [000001304EEE2500][000001304FEED540 49] Android_Mali_G71, [000001304EE53E00][000001304FEF56C0 49] Android_Mali_G72, [000001304EEE2A00][000001304FEF9840 49] Android_Mali_G72_Vulkan, [000001304EE51B00][000001304FEFD9C0 49] Android_Mali_G76, [000001304EEE1D00][000001304FF01B40 49] Android_Mali_G76_Vulkan, [000001304EE53000][000001304FF04140 49] Android_Mali_G77, [000001304EEE2D00][000001304FF082C0 49] Android_Mali_G77_Vulkan, [000001304EE53A00][000001304FF0C440 49] Android_Mali_G78, [000001304EEE0D00][000001304FF105C0 49] Android_Mali_G78_Vulkan, [000001304EE50500][000001304FF14740 49] Android_Mali_G710, [000001304EEE1300][000001304FF188C0 49] Android_Mali_G710_Vulkan, [000001304EE53500][000001304FF1CA40 49] Android_Vulkan_SM5, [000001304EEE3300][000001304FF20BC0 49] Android_PowerVR_G6xxx, [000001304EE52C00][000001304FF24D40 49] Android_PowerVR_GT7xxx, [000001304EEE3C00][000001304FF28EC0 49] Android_PowerVR_GE8xxx, [000001304EE51200][000001304FF2D040 49] Android_PowerVR_GM9xxx, [000001304EEE3000][000001304FF311C0 49] Android_PowerVR_GM9xxx_Vulkan, [000001304EE52900][000001304FF35340 49] Android_TegraK1, [000001304EEE1100][000001304FEF1480 49] Android_Unknown_Vulkan, [000001304EE9C600][000001304FF395C0 49] Lumin, [000001304EEE2900][000001304FF3D700 49] Lumin_Desktop, [000001304EE9CD00][000001304FF45880 49] HoloLens, 
[2021.11.21-22.36.37:992][  0]LogMeshReduction: Using QuadricMeshReduction for automatic static mesh reduction
[2021.11.21-22.36.37:992][  0]LogMeshReduction: Using SimplygonMeshReduction for automatic skeletal mesh reduction
[2021.11.21-22.36.37:993][  0]LogMeshReduction: Using ProxyLODMeshReduction for automatic mesh merging
[2021.11.21-22.36.37:993][  0]LogMeshReduction: No distributed automatic mesh merging module available
[2021.11.21-22.36.37:993][  0]LogMeshMerging: No distributed automatic mesh merging module available
[2021.11.21-22.36.38:010][  0]LogNetVersion: HerdingCats 1.0.0, NetCL: 17155196, EngineNetVer: 17, GameNetVer: 0 (Checksum: 3204003074)
[2021.11.21-22.36.38:401][  0]LogTexture: Default maximum texture size for cubemaps generated from long-lat sources has been changed from 512 to unlimited. In order to preserve old behaiour for '/Engine/MapTemplates/Sky/DaylightAmbientCubemap.DaylightAmbientCubemap', its maximum texture size has been explicitly set to 512.
[2021.11.21-22.36.38:460][  0]LogHMD: PokeAHoleMaterial loaded successfully
[2021.11.21-22.36.38:466][  0]LogUObjectArray: 17178 objects as part of root set at end of initial load.
[2021.11.21-22.36.38:466][  0]LogUObjectAllocator: 4301856 out of 0 bytes used by permanent object pool.
[2021.11.21-22.36.38:466][  0]LogUObjectArray: CloseDisregardForGC: 0/0 objects in disregard for GC pool
[2021.11.21-22.36.38:713][  0]LogNiagaraDebuggerClient: Niagara Debugger Client Initialized | Session: 558FAAF44B11DCE98DAAF5A803F74FB9 | Instance: 86A099864903EC192B84C7A16223F0D6 (DESKTOP-H1JU953-18808).
[2021.11.21-22.36.38:747][  0]LogImageWrapper: Warning: PNG Warning: Duplicate iCCP chunk
[2021.11.21-22.36.38:747][  0]LogImageWrapper: Warning: PNG Warning: Duplicate iCCP chunk
[2021.11.21-22.36.38:747][  0]LogPython: Using Python 3.7.7
[2021.11.21-22.36.39:363][  0]LogSubstanceCoreModule: Substance [CPU] Engine Loaded, Max Texture Size = 2048
[2021.11.21-22.36.39:382][  0]LogTcpMessaging: Initializing TcpMessaging bridge
[2021.11.21-22.36.39:386][  0]LogUdpMessaging: Initializing bridge on interface 0.0.0.0:0 to multicast group 230.0.0.1:6666.
[2021.11.21-22.36.39:516][  0]SourceControl: Source control is disabled
[2021.11.21-22.36.39:516][  0]SourceControl: Source control is disabled
[2021.11.21-22.36.39:519][  0]SourceControl: Source control is disabled
[2021.11.21-22.36.39:523][  0]SourceControl: Source control is disabled
[2021.11.21-22.36.39:529][  0]SourceControl: Source control is disabled
[2021.11.21-22.36.39:534][  0]LogUProjectInfo: Found projects:
[2021.11.21-22.36.39:722][  0]LogOpenImageDenoise: OIDN starting up
[2021.11.21-22.36.39:761][  0]LogAndroidPermission: UAndroidPermissionCallbackProxy::GetInstance
[2021.11.21-22.36.39:773][  0]LogAudioCaptureCore: Display: No Audio Capture implementations found. Audio input will be silent.
[2021.11.21-22.36.39:773][  0]LogAudioCaptureCore: Display: No Audio Capture implementations found. Audio input will be silent.
[2021.11.21-22.36.39:899][  0]LogCollectionManager: Loaded 0 collections in 0.000757 seconds
[2021.11.21-22.36.39:922][  0]LogFileCache: Scanning file cache for directory 'E:/Documents/PortfolioRepos/CatGame/HerdingCats/Saved/Collections/' took 0.00s
[2021.11.21-22.36.39:922][  0]LogFileCache: Scanning file cache for directory 'E:/Documents/PortfolioRepos/CatGame/HerdingCats/Content/Developers/James/Collections/' took 0.00s
[2021.11.21-22.36.39:922][  0]LogFileCache: Scanning file cache for directory 'E:/Documents/PortfolioRepos/CatGame/HerdingCats/Content/Collections/' took 0.00s
[2021.11.21-22.36.39:923][  0]LogOcInput: OculusInput pre-init called
[2021.11.21-22.36.40:192][  0]LogImageWrapper: Warning: PNG Warning: Duplicate iCCP chunk
[2021.11.21-22.36.40:192][  0]LogImageWrapper: Warning: PNG Warning: Duplicate iCCP chunk
[2021.11.21-22.36.40:192][  0]LogClass: Display: ByteProperty FSubstanceInputDesc::Type is not initialized properly. Module:SubstanceCore File:Classes/SubstanceGraphInstance.h
[2021.11.21-22.36.40:193][  0]LogClass: Display: 1 Uninitialized script struct members found including 0 object properties
[2021.11.21-22.36.40:193][  0]LogAutomationTest: Warning: PNG Warning: Duplicate iCCP chunk
[2021.11.21-22.36.40:193][  0]LogAutomationTest: Warning: PNG Warning: Duplicate iCCP chunk
[2021.11.21-22.36.40:194][  0]LogEngine: Initializing Engine...
[2021.11.21-22.36.40:197][  0]LogHMD: Failed to enumerate extensions. Please check that you have a valid OpenXR runtime installed.
[2021.11.21-22.36.40:197][  0]LogHMD: Failed to initialize OpenVR with code 110
[2021.11.21-22.36.40:197][  0]LogMagicLeap: Warning: VR disabled because ZI is not enabled.  To enable, in the editor, Edit -> Project Settings -> Plugins -> Magic Leap Plugin -> Enable Zero Iteration
[2021.11.21-22.36.40:198][  0]LogStats: UGameplayTagsManager::InitializeManager -  0.000 s
[2021.11.21-22.36.40:310][  0]LogInit: Initializing FReadOnlyCVARCache
[2021.11.21-22.36.40:317][  0]LogAIModule: Creating AISystem for world Untitled
[2021.11.21-22.36.40:329][  0]LogAudio: Display: Initializing Audio Device Manager...
[2021.11.21-22.36.40:332][  0]LogAudio: Display: Loading Default Audio Settings Objects...
[2021.11.21-22.36.40:332][  0]LogAudio: Display: No default SoundConcurrencyObject specified (or failed to load).
[2021.11.21-22.36.40:333][  0]LogAudio: Display: Audio Device Manager Initialized
[2021.11.21-22.36.40:333][  0]LogAudio: Display: Creating Audio Device:                 Id: 1, Scope: Shared, Realtime: True
[2021.11.21-22.36.40:333][  0]LogAudioMixer: Display: Audio Mixer Platform Settings:
[2021.11.21-22.36.40:333][  0]LogAudioMixer: Display: 	Sample Rate:						  48000
[2021.11.21-22.36.40:333][  0]LogAudioMixer: Display: 	Callback Buffer Frame Size Requested: 1024
[2021.11.21-22.36.40:333][  0]LogAudioMixer: Display: 	Callback Buffer Frame Size To Use:	  1024
[2021.11.21-22.36.40:333][  0]LogAudioMixer: Display: 	Number of buffers to queue:			  2
[2021.11.21-22.36.40:333][  0]LogAudioMixer: Display: 	Max Channels (voices):				  32
[2021.11.21-22.36.40:333][  0]LogAudioMixer: Display: 	Number of Async Source Workers:		  0
[2021.11.21-22.36.40:333][  0]LogAudio: Display: AudioDevice MaxSources: 32
[2021.11.21-22.36.40:333][  0]LogAudio: Display: Audio Spatialization Plugin: None (built-in).
[2021.11.21-22.36.40:333][  0]LogAudio: Display: Audio Reverb Plugin: None (built-in).
[2021.11.21-22.36.40:333][  0]LogAudio: Display: Audio Occlusion Plugin: None (built-in).
[2021.11.21-22.36.40:333][  0]LogAudioMixer: Display: Initializing audio mixer.
[2021.11.21-22.36.40:344][  0]LogAudioMixer: Display: 0: FrontLeft
[2021.11.21-22.36.40:344][  0]LogAudioMixer: Display: 1: FrontRight
[2021.11.21-22.36.40:344][  0]LogAudioMixer: Display: 2: FrontCenter
[2021.11.21-22.36.40:344][  0]LogAudioMixer: Display: 3: LowFrequency
[2021.11.21-22.36.40:344][  0]LogAudioMixer: Display: 4: BackLeft
[2021.11.21-22.36.40:344][  0]LogAudioMixer: Display: 5: BackRight
[2021.11.21-22.36.40:344][  0]LogAudioMixer: Display: 6: SideLeft
[2021.11.21-22.36.40:344][  0]LogAudioMixer: Display: 7: SideRight
[2021.11.21-22.36.40:360][  0]LogAudioMixer: Display: Using Audio Device Speakers (Logitech G432 Gaming Headset)
[2021.11.21-22.36.40:360][  0]LogAudioMixer: Display: Initializing Sound Submixes...
[2021.11.21-22.36.40:363][  0]LogAudioMixer: Display: Creating Master Submix 'MasterSubmixDefault'
[2021.11.21-22.36.40:363][  0]LogAudioMixer: Display: Creating Master Submix 'MasterReverbSubmixDefault'
[2021.11.21-22.36.40:363][  0]LogAudioMixer: Display: Creating Master Submix 'MasterEQSubmixDefault'
[2021.11.21-22.36.40:363][  0]LogAudioMixer: FMixerPlatformXAudio2::StartAudioStream() called
[2021.11.21-22.36.40:363][  0]LogAudioMixer: Display: Output buffers initialized: Frames=1024, Channels=8, Samples=8192
[2021.11.21-22.36.40:364][  0]LogAudioMixer: Display: Starting AudioMixerPlatformInterface::RunInternal()
[2021.11.21-22.36.40:364][  0]LogAudioMixer: Display: FMixerPlatformXAudio2::SubmitBuffer() called for the first time
[2021.11.21-22.36.40:364][  0]LogInit: FAudioDevice initialized.
[2021.11.21-22.36.40:365][  0]LogAudio: Display: Audio Device (ID: 1) registered with world 'Untitled'.
[2021.11.21-22.36.40:365][  0]LogNetVersion: Set ProjectVersion to 1.0.0.0. Version Checksum will be recalculated on next use.
[2021.11.21-22.36.40:677][  0]LogDerivedDataCache: Saved boot cache 0.31s 94MB C:/Users/James/AppData/Local/UnrealEngine/4.27/DerivedDataCache/Boot.ddc.
[2021.11.21-22.36.40:677][  0]LogInit: Texture streaming: Enabled
[2021.11.21-22.36.40:688][  0]LogAnalytics: Display: [UEEditor.Rocket.Release] APIServer = https://datarouter.ol.epicgames.com/. AppVersion = 4.27.1-17735300+++UE4+Release-4.27
[2021.11.21-22.36.40:691][  0]LogEngineSessionManager: EngineSessionManager initialized
[2021.11.21-22.36.40:691][  0]LogEditorSessionSummary: Verbose: Initializing EditorSessionSummaryWriter for editor session tracking
[2021.11.21-22.36.40:693][  0]LogEditorSessionSummary: EditorSessionSummaryWriter initialized
[2021.11.21-22.36.40:718][  0]LogInit: Transaction tracking system initialized
[2021.11.21-22.36.40:737][  0]BlueprintLog: New page: Editor Load
[2021.11.21-22.36.40:791][  0]LocalizationService: Localization service is disabled
[2021.11.21-22.36.40:810][  0]TimingProfiler: Initialize
[2021.11.21-22.36.40:810][  0]TimingProfiler: OnSessionChanged
[2021.11.21-22.36.40:810][  0]LoadingProfiler: Initialize
[2021.11.21-22.36.40:810][  0]LoadingProfiler: OnSessionChanged
[2021.11.21-22.36.40:810][  0]NetworkingProfiler: Initialize
[2021.11.21-22.36.40:810][  0]NetworkingProfiler: OnSessionChanged
[2021.11.21-22.36.40:810][  0]MemoryProfiler: Initialize
[2021.11.21-22.36.40:811][  0]MemoryProfiler: OnSessionChanged
[2021.11.21-22.36.40:942][  0]LogCook: Display: CookSettings for Memory: MemoryMaxUsedVirtual 0MiB, MemoryMaxUsedPhysical 16384MiB, MemoryMinFreeVirtual 0MiB, MemoryMinFreePhysical 1024MiB
[2021.11.21-22.36.40:942][  0]LogCook: Display: Mobile HDR setting 1
[2021.11.21-22.36.41:114][  0]LogFileCache: Scanning file cache for directory 'E:/Documents/PortfolioRepos/CatGame/HerdingCats/Content/' took 0.01s
[2021.11.21-22.36.41:287][  0]LogImageWrapper: Warning: PNG Warning: Duplicate iCCP chunk
[2021.11.21-22.36.41:287][  0]LogImageWrapper: Warning: PNG Warning: Duplicate iCCP chunk
[2021.11.21-22.36.41:343][  0]LogInit: Display: Engine is initialized. Leaving FEngineLoop::Init()
[2021.11.21-22.36.41:346][  0]SourceControl: Source control is disabled
[2021.11.21-22.36.41:346][  0]LogUnrealEdMisc: Loading editor; pre map load, took 7.246
[2021.11.21-22.36.41:346][  0]Cmd: MAP LOAD FILE="../../../../../Documents/PortfolioRepos/CatGame/HerdingCats/Content/FirstPersonBP/Maps/FirstPersonExampleMap.umap" TEMPLATE=0 SHOWPROGRESS=1 FEATURELEVEL=3
[2021.11.21-22.36.41:346][  0]LightingResults: New page: Lighting Build
[2021.11.21-22.36.41:347][  0]LogWorld: UWorld::CleanupWorld for Untitled, bSessionEnded=true, bCleanupResources=true
[2021.11.21-22.36.41:347][  0]LogSlate: InvalidateAllWidgets triggered.  All widgets were invalidated
[2021.11.21-22.36.41:347][  0]MapCheck: New page: Map Check
[2021.11.21-22.36.41:347][  0]LightingResults: New page: Lighting Build
[2021.11.21-22.36.41:353][  0]LogAudio: Display: Audio Device unregistered from world 'None'.
[2021.11.21-22.36.41:356][  0]LogUObjectHash: Compacting FUObjectHashTables data took   1.00ms
[2021.11.21-22.36.41:630][  0]LogBlueprint: Warning: [AssetLog] E:\Documents\PortfolioRepos\CatGame\HerdingCats\Content\BluePrints\Widgets\InteractionUI.uasset: [Compiler] Could not find a variable named "TreatsRemaining" in 'FirstPersonCharacter_C'.
Make sure 'FirstPersonCharacter_C' has been compiled for  Get TreatsRemaining
[2021.11.21-22.36.41:642][  0]LogBlueprint: Error: [AssetLog] E:\Documents\PortfolioRepos\CatGame\HerdingCats\Content\BluePrints\Widgets\InteractionUI.uasset: [Compiler] The property associated with  Treats Remaining  could not be found in '/Game/BluePrints/Widgets/InteractionUI.InteractionUI_C'
[2021.11.21-22.36.42:161][  0]LogAudio: Display: Audio Device (ID: 1) registered with world 'FirstPersonExampleMap'.
[2021.11.21-22.36.42:161][  0]LogAIModule: Creating AISystem for world FirstPersonExampleMap
[2021.11.21-22.36.42:172][  0]LogEditorServer: Finished looking for orphan Actors (0.000 secs)
[2021.11.21-22.36.42:181][  0]LogUObjectHash: Compacting FUObjectHashTables data took   1.09ms
[2021.11.21-22.36.42:186][  0]Cmd: MAP CHECKDEP NOCLEARLOG
[2021.11.21-22.36.42:186][  0]MapCheck: Map check complete: 0 Error(s), 0 Warning(s), took 0.218ms to complete.
[2021.11.21-22.36.42:186][  0]LogFileHelpers: Loading map 'FirstPersonExampleMap' took 0.840
[2021.11.21-22.36.42:187][  0]LogAssetRegistry: Flushing asset discovery search because of synchronous request, this can take several seconds...
[2021.11.21-22.36.42:216][  0]LogAssetRegistry: Asset discovery search completed in 0.0293 seconds
[2021.11.21-22.36.42:222][  0]LogCollectionManager: Fixed up redirectors for 0 collections in 0.000002 seconds (updated 0 objects)
[2021.11.21-22.36.42:477][  0]LogUnrealEdMisc: Total Editor Startup Time, took 8.377
[2021.11.21-22.36.42:617][  0]LogSlate: Updating window title bar state: overlay mode, drag disabled, window buttons hidden, title bar hidden
[2021.11.21-22.36.42:622][  0]LogSlate: Updating window title bar state: overlay mode, drag disabled, window buttons hidden, title bar hidden
[2021.11.21-22.36.42:628][  0]LogSlate: Updating window title bar state: overlay mode, drag disabled, window buttons hidden, title bar hidden
[2021.11.21-22.36.42:633][  0]LogSlate: Updating window title bar state: overlay mode, drag disabled, window buttons hidden, title bar hidden
[2021.11.21-22.36.42:649][  0]LogNativeClassHierarchy: Verbose: Native class hierarchy populated in 0.0107 seconds. Added 3832 classes and 934 folders.
[2021.11.21-22.36.42:657][  0]LogNativeClassHierarchy: Verbose: Native class hierarchy updated for 'WidgetCarousel' in 0.0003 seconds. Added 0 classes and 0 folders.
[2021.11.21-22.36.42:659][  0]LogPakFile: PakFile PrimaryIndexSize=187
[2021.11.21-22.36.42:659][  0]LogPakFile: PakFile PathHashIndexSize=101
[2021.11.21-22.36.42:659][  0]LogPakFile: PakFile FullDirectoryIndexSize=148
[2021.11.21-22.36.42:659][  0]LogShaderLibrary: Display: ShaderCodeLibraryPakFileMountedCallback: PakFile 'E:/Epic Games/UE_4.27/FeaturePacks/FP_FirstPerson.upack' (chunk index -1, root 'root:/') mounted
[2021.11.21-22.36.42:659][  0]LogShaderLibrary: Display: ShaderCodeLibraryPakFileMountedCallback: pending pak file info (ChunkID:-1 Root:root:/ File:E:/Epic Games/UE_4.27/FeaturePacks/FP_FirstPerson.upack)
[2021.11.21-22.36.42:659][  0]LogPakFile: OnPakFileMounted2Time == 0.000049
[2021.11.21-22.36.42:661][  0]LogPakFile: PakFile PrimaryIndexSize=189
[2021.11.21-22.36.42:661][  0]LogPakFile: PakFile PathHashIndexSize=101
[2021.11.21-22.36.42:661][  0]LogPakFile: PakFile FullDirectoryIndexSize=152
[2021.11.21-22.36.42:661][  0]LogShaderLibrary: Display: ShaderCodeLibraryPakFileMountedCallback: PakFile 'E:/Epic Games/UE_4.27/FeaturePacks/FP_FirstPersonBP.upack' (chunk index -1, root 'root:/') mounted
[2021.11.21-22.36.42:661][  0]LogShaderLibrary: Display: ShaderCodeLibraryPakFileMountedCallback: pending pak file info (ChunkID:-1 Root:root:/ File:E:/Epic Games/UE_4.27/FeaturePacks/FP_FirstPersonBP.upack)
[2021.11.21-22.36.42:661][  0]LogPakFile: OnPakFileMounted2Time == 0.000036
[2021.11.21-22.36.42:663][  0]LogPakFile: PakFile PrimaryIndexSize=191
[2021.11.21-22.36.42:663][  0]LogPakFile: PakFile PathHashIndexSize=101
[2021.11.21-22.36.42:663][  0]LogPakFile: PakFile FullDirectoryIndexSize=160
[2021.11.21-22.36.42:663][  0]LogShaderLibrary: Display: ShaderCodeLibraryPakFileMountedCallback: PakFile 'E:/Epic Games/UE_4.27/FeaturePacks/MobileStarterContent.upack' (chunk index -1, root 'root:/') mounted
[2021.11.21-22.36.42:663][  0]LogShaderLibrary: Display: ShaderCodeLibraryPakFileMountedCallback: pending pak file info (ChunkID:-1 Root:root:/ File:E:/Epic Games/UE_4.27/FeaturePacks/MobileStarterContent.upack)
[2021.11.21-22.36.42:663][  0]LogPakFile: OnPakFileMounted2Time == 0.000032
[2021.11.21-22.36.42:665][  0]LogPakFile: PakFile PrimaryIndexSize=185
[2021.11.21-22.36.42:665][  0]LogPakFile: PakFile PathHashIndexSize=101
[2021.11.21-22.36.42:665][  0]LogPakFile: PakFile FullDirectoryIndexSize=148
[2021.11.21-22.36.42:665][  0]LogShaderLibrary: Display: ShaderCodeLibraryPakFileMountedCallback: PakFile 'E:/Epic Games/UE_4.27/FeaturePacks/StarterContent.upack' (chunk index -1, root 'root:/') mounted
[2021.11.21-22.36.42:665][  0]LogShaderLibrary: Display: ShaderCodeLibraryPakFileMountedCallback: pending pak file info (ChunkID:-1 Root:root:/ File:E:/Epic Games/UE_4.27/FeaturePacks/StarterContent.upack)
[2021.11.21-22.36.42:665][  0]LogPakFile: OnPakFileMounted2Time == 0.000034
[2021.11.21-22.36.42:667][  0]LogPakFile: PakFile PrimaryIndexSize=190
[2021.11.21-22.36.42:667][  0]LogPakFile: PakFile PathHashIndexSize=101
[2021.11.21-22.36.42:667][  0]LogPakFile: PakFile FullDirectoryIndexSize=154
[2021.11.21-22.36.42:667][  0]LogShaderLibrary: Display: ShaderCodeLibraryPakFileMountedCallback: PakFile 'E:/Epic Games/UE_4.27/FeaturePacks/TP_2DSideScroller.upack' (chunk index -1, root 'root:/') mounted
[2021.11.21-22.36.42:667][  0]LogShaderLibrary: Display: ShaderCodeLibraryPakFileMountedCallback: pending pak file info (ChunkID:-1 Root:root:/ File:E:/Epic Games/UE_4.27/FeaturePacks/TP_2DSideScroller.upack)
[2021.11.21-22.36.42:667][  0]LogPakFile: OnPakFileMounted2Time == 0.000034
[2021.11.21-22.36.42:669][  0]LogPakFile: PakFile PrimaryIndexSize=192
[2021.11.21-22.36.42:669][  0]LogPakFile: PakFile PathHashIndexSize=101
[2021.11.21-22.36.42:669][  0]LogPakFile: PakFile FullDirectoryIndexSize=158
[2021.11.21-22.36.42:669][  0]LogShaderLibrary: Display: ShaderCodeLibraryPakFileMountedCallback: PakFile 'E:/Epic Games/UE_4.27/FeaturePacks/TP_2DSideScrollerBP.upack' (chunk index -1, root 'root:/') mounted
[2021.11.21-22.36.42:669][  0]LogShaderLibrary: Display: ShaderCodeLibraryPakFileMountedCallback: pending pak file info (ChunkID:-1 Root:root:/ File:E:/Epic Games/UE_4.27/FeaturePacks/TP_2DSideScrollerBP.upack)
[2021.11.21-22.36.42:670][  0]LogPakFile: OnPakFileMounted2Time == 0.000467
[2021.11.21-22.36.42:672][  0]LogPakFile: PakFile PrimaryIndexSize=182
[2021.11.21-22.36.42:672][  0]LogPakFile: PakFile PathHashIndexSize=101
[2021.11.21-22.36.42:672][  0]LogPakFile: PakFile FullDirectoryIndexSize=138
[2021.11.21-22.36.42:672][  0]LogShaderLibrary: Display: ShaderCodeLibraryPakFileMountedCallback: PakFile 'E:/Epic Games/UE_4.27/FeaturePacks/TP_Flying.upack' (chunk index -1, root 'root:/') mounted
[2021.11.21-22.36.42:672][  0]LogShaderLibrary: Display: ShaderCodeLibraryPakFileMountedCallback: pending pak file info (ChunkID:-1 Root:root:/ File:E:/Epic Games/UE_4.27/FeaturePacks/TP_Flying.upack)
[2021.11.21-22.36.42:672][  0]LogPakFile: OnPakFileMounted2Time == 0.000037
[2021.11.21-22.36.42:674][  0]LogPakFile: PakFile PrimaryIndexSize=184
[2021.11.21-22.36.42:674][  0]LogPakFile: PakFile PathHashIndexSize=101
[2021.11.21-22.36.42:674][  0]LogPakFile: PakFile FullDirectoryIndexSize=142
[2021.11.21-22.36.42:674][  0]LogShaderLibrary: Display: ShaderCodeLibraryPakFileMountedCallback: PakFile 'E:/Epic Games/UE_4.27/FeaturePacks/TP_FlyingBP.upack' (chunk index -1, root 'root:/') mounted
[2021.11.21-22.36.42:674][  0]LogShaderLibrary: Display: ShaderCodeLibraryPakFileMountedCallback: pending pak file info (ChunkID:-1 Root:root:/ File:E:/Epic Games/UE_4.27/FeaturePacks/TP_FlyingBP.upack)
[2021.11.21-22.36.42:674][  0]LogPakFile: OnPakFileMounted2Time == 0.000036
[2021.11.21-22.36.42:675][  0]LogPakFile: PakFile PrimaryIndexSize=188
[2021.11.21-22.36.42:675][  0]LogPakFile: PakFile PathHashIndexSize=101
[2021.11.21-22.36.42:675][  0]LogPakFile: PakFile FullDirectoryIndexSize=150
[2021.11.21-22.36.42:675][  0]LogShaderLibrary: Display: ShaderCodeLibraryPakFileMountedCallback: PakFile 'E:/Epic Games/UE_4.27/FeaturePacks/TP_HandheldARBP.upack' (chunk index -1, root 'root:/') mounted
[2021.11.21-22.36.42:675][  0]LogShaderLibrary: Display: ShaderCodeLibraryPakFileMountedCallback: pending pak file info (ChunkID:-1 Root:root:/ File:E:/Epic Games/UE_4.27/FeaturePacks/TP_HandheldARBP.upack)
[2021.11.21-22.36.42:675][  0]LogPakFile: OnPakFileMounted2Time == 0.000032
[2021.11.21-22.36.42:680][  0]LogPakFile: PakFile PrimaryIndexSize=182
[2021.11.21-22.36.42:680][  0]LogPakFile: PakFile PathHashIndexSize=101
[2021.11.21-22.36.42:680][  0]LogPakFile: PakFile FullDirectoryIndexSize=138
[2021.11.21-22.36.42:680][  0]LogShaderLibrary: Display: ShaderCodeLibraryPakFileMountedCallback: PakFile 'E:/Epic Games/UE_4.27/FeaturePacks/TP_Puzzle.upack' (chunk index -1, root 'root:/') mounted
[2021.11.21-22.36.42:680][  0]LogShaderLibrary: Display: ShaderCodeLibraryPakFileMountedCallback: pending pak file info (ChunkID:-1 Root:root:/ File:E:/Epic Games/UE_4.27/FeaturePacks/TP_Puzzle.upack)
[2021.11.21-22.36.42:680][  0]LogPakFile: OnPakFileMounted2Time == 0.000036
[2021.11.21-22.36.42:681][  0]LogPakFile: PakFile PrimaryIndexSize=184
[2021.11.21-22.36.42:681][  0]LogPakFile: PakFile PathHashIndexSize=101
[2021.11.21-22.36.42:681][  0]LogPakFile: PakFile FullDirectoryIndexSize=142
[2021.11.21-22.36.42:682][  0]LogShaderLibrary: Display: ShaderCodeLibraryPakFileMountedCallback: PakFile 'E:/Epic Games/UE_4.27/FeaturePacks/TP_PuzzleBP.upack' (chunk index -1, root 'root:/') mounted
[2021.11.21-22.36.42:682][  0]LogShaderLibrary: Display: ShaderCodeLibraryPakFileMountedCallback: pending pak file info (ChunkID:-1 Root:root:/ File:E:/Epic Games/UE_4.27/FeaturePacks/TP_PuzzleBP.upack)
[2021.11.21-22.36.42:682][  0]LogPakFile: OnPakFileMounted2Time == 0.000035
[2021.11.21-22.36.42:683][  0]LogPakFile: PakFile PrimaryIndexSize=183
[2021.11.21-22.36.42:683][  0]LogPakFile: PakFile PathHashIndexSize=101
[2021.11.21-22.36.42:683][  0]LogPakFile: PakFile FullDirectoryIndexSize=140
[2021.11.21-22.36.42:683][  0]LogShaderLibrary: Display: ShaderCodeLibraryPakFileMountedCallback: PakFile 'E:/Epic Games/UE_4.27/FeaturePacks/TP_Rolling.upack' (chunk index -1, root 'root:/') mounted
[2021.11.21-22.36.42:683][  0]LogShaderLibrary: Display: ShaderCodeLibraryPakFileMountedCallback: pending pak file info (ChunkID:-1 Root:root:/ File:E:/Epic Games/UE_4.27/FeaturePacks/TP_Rolling.upack)
[2021.11.21-22.36.42:683][  0]LogPakFile: OnPakFileMounted2Time == 0.000032
[2021.11.21-22.36.42:685][  0]LogPakFile: PakFile PrimaryIndexSize=185
[2021.11.21-22.36.42:685][  0]LogPakFile: PakFile PathHashIndexSize=101
[2021.11.21-22.36.42:685][  0]LogPakFile: PakFile FullDirectoryIndexSize=144
[2021.11.21-22.36.42:685][  0]LogShaderLibrary: Display: ShaderCodeLibraryPakFileMountedCallback: PakFile 'E:/Epic Games/UE_4.27/FeaturePacks/TP_RollingBP.upack' (chunk index -1, root 'root:/') mounted
[2021.11.21-22.36.42:685][  0]LogShaderLibrary: Display: ShaderCodeLibraryPakFileMountedCallback: pending pak file info (ChunkID:-1 Root:root:/ File:E:/Epic Games/UE_4.27/FeaturePacks/TP_RollingBP.upack)
[2021.11.21-22.36.42:685][  0]LogPakFile: OnPakFileMounted2Time == 0.000033
[2021.11.21-22.36.42:687][  0]LogPakFile: PakFile PrimaryIndexSize=188
[2021.11.21-22.36.42:687][  0]LogPakFile: PakFile PathHashIndexSize=101
[2021.11.21-22.36.42:687][  0]LogPakFile: PakFile FullDirectoryIndexSize=150
[2021.11.21-22.36.42:687][  0]LogShaderLibrary: Display: ShaderCodeLibraryPakFileMountedCallback: PakFile 'E:/Epic Games/UE_4.27/FeaturePacks/TP_SideScroller.upack' (chunk index -1, root 'root:/') mounted
[2021.11.21-22.36.42:687][  0]LogShaderLibrary: Display: ShaderCodeLibraryPakFileMountedCallback: pending pak file info (ChunkID:-1 Root:root:/ File:E:/Epic Games/UE_4.27/FeaturePacks/TP_SideScroller.upack)
[2021.11.21-22.36.42:687][  0]LogPakFile: OnPakFileMounted2Time == 0.000034
[2021.11.21-22.36.42:689][  0]LogPakFile: PakFile PrimaryIndexSize=190
[2021.11.21-22.36.42:689][  0]LogPakFile: PakFile PathHashIndexSize=101
[2021.11.21-22.36.42:689][  0]LogPakFile: PakFile FullDirectoryIndexSize=154
[2021.11.21-22.36.42:689][  0]LogShaderLibrary: Display: ShaderCodeLibraryPakFileMountedCallback: PakFile 'E:/Epic Games/UE_4.27/FeaturePacks/TP_SideScrollerBP.upack' (chunk index -1, root 'root:/') mounted
[2021.11.21-22.36.42:689][  0]LogShaderLibrary: Display: ShaderCodeLibraryPakFileMountedCallback: pending pak file info (ChunkID:-1 Root:root:/ File:E:/Epic Games/UE_4.27/FeaturePacks/TP_SideScrollerBP.upack)
[2021.11.21-22.36.42:689][  0]LogPakFile: OnPakFileMounted2Time == 0.000032
[2021.11.21-22.36.42:691][  0]LogPakFile: PakFile PrimaryIndexSize=187
[2021.11.21-22.36.42:691][  0]LogPakFile: PakFile PathHashIndexSize=101
[2021.11.21-22.36.42:691][  0]LogPakFile: PakFile FullDirectoryIndexSize=148
[2021.11.21-22.36.42:691][  0]LogShaderLibrary: Display: ShaderCodeLibraryPakFileMountedCallback: PakFile 'E:/Epic Games/UE_4.27/FeaturePacks/TP_ThirdPerson.upack' (chunk index -1, root 'root:/') mounted
[2021.11.21-22.36.42:691][  0]LogShaderLibrary: Display: ShaderCodeLibraryPakFileMountedCallback: pending pak file info (ChunkID:-1 Root:root:/ File:E:/Epic Games/UE_4.27/FeaturePacks/TP_ThirdPerson.upack)
[2021.11.21-22.36.42:691][  0]LogPakFile: OnPakFileMounted2Time == 0.000033
[2021.11.21-22.36.42:693][  0]LogPakFile: PakFile PrimaryIndexSize=189
[2021.11.21-22.36.42:693][  0]LogPakFile: PakFile PathHashIndexSize=101
[2021.11.21-22.36.42:693][  0]LogPakFile: PakFile FullDirectoryIndexSize=152
[2021.11.21-22.36.42:693][  0]LogShaderLibrary: Display: ShaderCodeLibraryPakFileMountedCallback: PakFile 'E:/Epic Games/UE_4.27/FeaturePacks/TP_ThirdPersonBP.upack' (chunk index -1, root 'root:/') mounted
[2021.11.21-22.36.42:693][  0]LogShaderLibrary: Display: ShaderCodeLibraryPakFileMountedCallback: pending pak file info (ChunkID:-1 Root:root:/ File:E:/Epic Games/UE_4.27/FeaturePacks/TP_ThirdPersonBP.upack)
[2021.11.21-22.36.42:693][  0]LogPakFile: OnPakFileMounted2Time == 0.000032
[2021.11.21-22.36.42:695][  0]LogPakFile: PakFile PrimaryIndexSize=183
[2021.11.21-22.36.42:695][  0]LogPakFile: PakFile PathHashIndexSize=101
[2021.11.21-22.36.42:695][  0]LogPakFile: PakFile FullDirectoryIndexSize=140
[2021.11.21-22.36.42:695][  0]LogShaderLibrary: Display: ShaderCodeLibraryPakFileMountedCallback: PakFile 'E:/Epic Games/UE_4.27/FeaturePacks/TP_TopDown.upack' (chunk index -1, root 'root:/') mounted
[2021.11.21-22.36.42:695][  0]LogShaderLibrary: Display: ShaderCodeLibraryPakFileMountedCallback: pending pak file info (ChunkID:-1 Root:root:/ File:E:/Epic Games/UE_4.27/FeaturePacks/TP_TopDown.upack)
[2021.11.21-22.36.42:695][  0]LogPakFile: OnPakFileMounted2Time == 0.000038
[2021.11.21-22.36.42:697][  0]LogPakFile: PakFile PrimaryIndexSize=185
[2021.11.21-22.36.42:697][  0]LogPakFile: PakFile PathHashIndexSize=101
[2021.11.21-22.36.42:697][  0]LogPakFile: PakFile FullDirectoryIndexSize=144
[2021.11.21-22.36.42:697][  0]LogShaderLibrary: Display: ShaderCodeLibraryPakFileMountedCallback: PakFile 'E:/Epic Games/UE_4.27/FeaturePacks/TP_TopDownBP.upack' (chunk index -1, root 'root:/') mounted
[2021.11.21-22.36.42:697][  0]LogShaderLibrary: Display: ShaderCodeLibraryPakFileMountedCallback: pending pak file info (ChunkID:-1 Root:root:/ File:E:/Epic Games/UE_4.27/FeaturePacks/TP_TopDownBP.upack)
[2021.11.21-22.36.42:697][  0]LogPakFile: OnPakFileMounted2Time == 0.000030
[2021.11.21-22.36.42:698][  0]LogPakFile: PakFile PrimaryIndexSize=185
[2021.11.21-22.36.42:698][  0]LogPakFile: PakFile PathHashIndexSize=101
[2021.11.21-22.36.42:698][  0]LogPakFile: PakFile FullDirectoryIndexSize=144
[2021.11.21-22.36.42:698][  0]LogShaderLibrary: Display: ShaderCodeLibraryPakFileMountedCallback: PakFile 'E:/Epic Games/UE_4.27/FeaturePacks/TP_TwinStick.upack' (chunk index -1, root 'root:/') mounted
[2021.11.21-22.36.42:698][  0]LogShaderLibrary: Display: ShaderCodeLibraryPakFileMountedCallback: pending pak file info (ChunkID:-1 Root:root:/ File:E:/Epic Games/UE_4.27/FeaturePacks/TP_TwinStick.upack)
[2021.11.21-22.36.42:698][  0]LogPakFile: OnPakFileMounted2Time == 0.000030
[2021.11.21-22.36.42:700][  0]LogPakFile: PakFile PrimaryIndexSize=187
[2021.11.21-22.36.42:700][  0]LogPakFile: PakFile PathHashIndexSize=101
[2021.11.21-22.36.42:700][  0]LogPakFile: PakFile FullDirectoryIndexSize=148
[2021.11.21-22.36.42:700][  0]LogShaderLibrary: Display: ShaderCodeLibraryPakFileMountedCallback: PakFile 'E:/Epic Games/UE_4.27/FeaturePacks/TP_TwinStickBP.upack' (chunk index -1, root 'root:/') mounted
[2021.11.21-22.36.42:700][  0]LogShaderLibrary: Display: ShaderCodeLibraryPakFileMountedCallback: pending pak file info (ChunkID:-1 Root:root:/ File:E:/Epic Games/UE_4.27/FeaturePacks/TP_TwinStickBP.upack)
[2021.11.21-22.36.42:700][  0]LogPakFile: OnPakFileMounted2Time == 0.000036
[2021.11.21-22.36.42:702][  0]LogPakFile: PakFile PrimaryIndexSize=183
[2021.11.21-22.36.42:702][  0]LogPakFile: PakFile PathHashIndexSize=101
[2021.11.21-22.36.42:702][  0]LogPakFile: PakFile FullDirectoryIndexSize=140
[2021.11.21-22.36.42:702][  0]LogShaderLibrary: Display: ShaderCodeLibraryPakFileMountedCallback: PakFile 'E:/Epic Games/UE_4.27/FeaturePacks/TP_Vehicle.upack' (chunk index -1, root 'root:/') mounted
[2021.11.21-22.36.42:702][  0]LogShaderLibrary: Display: ShaderCodeLibraryPakFileMountedCallback: pending pak file info (ChunkID:-1 Root:root:/ File:E:/Epic Games/UE_4.27/FeaturePacks/TP_Vehicle.upack)
[2021.11.21-22.36.42:702][  0]LogPakFile: OnPakFileMounted2Time == 0.000034
[2021.11.21-22.36.42:704][  0]LogPakFile: PakFile PrimaryIndexSize=186
[2021.11.21-22.36.42:704][  0]LogPakFile: PakFile PathHashIndexSize=101
[2021.11.21-22.36.42:704][  0]LogPakFile: PakFile FullDirectoryIndexSize=146
[2021.11.21-22.36.42:704][  0]LogShaderLibrary: Display: ShaderCodeLibraryPakFileMountedCallback: PakFile 'E:/Epic Games/UE_4.27/FeaturePacks/TP_VehicleAdv.upack' (chunk index -1, root 'root:/') mounted
[2021.11.21-22.36.42:704][  0]LogShaderLibrary: Display: ShaderCodeLibraryPakFileMountedCallback: pending pak file info (ChunkID:-1 Root:root:/ File:E:/Epic Games/UE_4.27/FeaturePacks/TP_VehicleAdv.upack)
[2021.11.21-22.36.42:704][  0]LogPakFile: OnPakFileMounted2Time == 0.000037
[2021.11.21-22.36.42:706][  0]LogPakFile: PakFile PrimaryIndexSize=188
[2021.11.21-22.36.42:706][  0]LogPakFile: PakFile PathHashIndexSize=101
[2021.11.21-22.36.42:706][  0]LogPakFile: PakFile FullDirectoryIndexSize=150
[2021.11.21-22.36.42:706][  0]LogShaderLibrary: Display: ShaderCodeLibraryPakFileMountedCallback: PakFile 'E:/Epic Games/UE_4.27/FeaturePacks/TP_VehicleAdvBP.upack' (chunk index -1, root 'root:/') mounted
[2021.11.21-22.36.42:706][  0]LogShaderLibrary: Display: ShaderCodeLibraryPakFileMountedCallback: pending pak file info (ChunkID:-1 Root:root:/ File:E:/Epic Games/UE_4.27/FeaturePacks/TP_VehicleAdvBP.upack)
[2021.11.21-22.36.42:706][  0]LogPakFile: OnPakFileMounted2Time == 0.000030
[2021.11.21-22.36.42:708][  0]LogPakFile: PakFile PrimaryIndexSize=185
[2021.11.21-22.36.42:708][  0]LogPakFile: PakFile PathHashIndexSize=101
[2021.11.21-22.36.42:708][  0]LogPakFile: PakFile FullDirectoryIndexSize=144
[2021.11.21-22.36.42:708][  0]LogShaderLibrary: Display: ShaderCodeLibraryPakFileMountedCallback: PakFile 'E:/Epic Games/UE_4.27/FeaturePacks/TP_VehicleBP.upack' (chunk index -1, root 'root:/') mounted
[2021.11.21-22.36.42:708][  0]LogShaderLibrary: Display: ShaderCodeLibraryPakFileMountedCallback: pending pak file info (ChunkID:-1 Root:root:/ File:E:/Epic Games/UE_4.27/FeaturePacks/TP_VehicleBP.upack)
[2021.11.21-22.36.42:708][  0]LogPakFile: OnPakFileMounted2Time == 0.000031
[2021.11.21-22.36.42:710][  0]LogPakFile: PakFile PrimaryIndexSize=192
[2021.11.21-22.36.42:710][  0]LogPakFile: PakFile PathHashIndexSize=101
[2021.11.21-22.36.42:710][  0]LogPakFile: PakFile FullDirectoryIndexSize=158
[2021.11.21-22.36.42:710][  0]LogShaderLibrary: Display: ShaderCodeLibraryPakFileMountedCallback: PakFile 'E:/Epic Games/UE_4.27/FeaturePacks/TP_VirtualRealityBP.upack' (chunk index -1, root 'root:/') mounted
[2021.11.21-22.36.42:710][  0]LogShaderLibrary: Display: ShaderCodeLibraryPakFileMountedCallback: pending pak file info (ChunkID:-1 Root:root:/ File:E:/Epic Games/UE_4.27/FeaturePacks/TP_VirtualRealityBP.upack)
[2021.11.21-22.36.42:710][  0]LogPakFile: OnPakFileMounted2Time == 0.000030
[2021.11.21-22.36.42:819][  0]LogNativeClassHierarchy: Verbose: Native class hierarchy updated for 'AddContentDialog' in 0.0003 seconds. Added 0 classes and 0 folders.
[2021.11.21-22.36.42:918][  0]LogSlate: Took 0.000239 seconds to synchronously load lazily loaded font '../../../Engine/Content/Slate/Fonts/Roboto-Regular.ttf' (155K)
[2021.11.21-22.36.42:920][  0]LogSlate: Took 0.000886 seconds to synchronously load lazily loaded font '../../../Engine/Content/Editor/Slate/Fonts/FontAwesome.ttf' (139K)
[2021.11.21-22.36.42:923][  0]LogSlate: Took 0.000239 seconds to synchronously load lazily loaded font '../../../Engine/Content/Slate/Fonts/Roboto-Bold.ttf' (160K)
[2021.11.21-22.36.43:005][  0]LogRenderer: Reallocating scene render targets to support 1112x572 Format 10 NumSamples 1 (Frame:1).
[2021.11.21-22.36.43:046][  0]LogSlate: Took 0.001061 seconds to synchronously load lazily loaded font '../../../Engine/Content/Slate/Fonts/Roboto-Light.ttf' (167K)
[2021.11.21-22.36.43:086][  0]LogNativeClassHierarchy: Verbose: Native class hierarchy updated for 'HierarchicalLODOutliner' in 0.0003 seconds. Added 0 classes and 0 folders.
[2021.11.21-22.36.43:086][  0]LogLoad: (Engine Initialization) Total time: 8.99 seconds
[2021.11.21-22.36.43:086][  0]LogLoad: (Engine Initialization) Total Blueprint compile time: 0.00 seconds
[2021.11.21-22.36.43:107][  0]LogContentStreaming: Texture pool size now 1000 MB
[2021.11.21-22.36.43:131][  1]LogSubstanceLiveLink: Warning: Unable to send data along socket, closing connection
[2021.11.21-22.36.43:133][  1]LogFileCache: Retrieving MD5 hashes for directory 'E:/Documents/PortfolioRepos/CatGame/HerdingCats/Content/' took 0.03s
[2021.11.21-22.36.44:109][113]LogSlate: Took 0.000229 seconds to synchronously load lazily loaded font '../../../Engine/Content/Slate/Fonts/Roboto-Light.ttf' (167K)
[2021.11.21-22.36.50:363][774]LogAssetEditorSubsystem: Opening Asset editor for WidgetBlueprint /Game/BluePrints/Widgets/VetDialogue.VetDialogue
[2021.11.21-22.36.50:524][774]LogNativeClassHierarchy: Verbose: Native class hierarchy updated for 'BlueprintGraph' in 0.0005 seconds. Added 126 classes and 0 folders.
[2021.11.21-22.36.51:674][774]LogSlate: Took 0.000213 seconds to synchronously load lazily loaded font '../../../Engine/Content/Slate/Fonts/Roboto-BoldCondensed.ttf' (158K)
[2021.11.21-22.36.54:813][129]LogSlate: Window 'VetDialogue' being destroyed
[2021.11.21-22.36.54:820][129]LogSlate: Window 'VetDialogue' being destroyed
[2021.11.21-22.36.54:822][129]LogWorld: UWorld::CleanupWorld for World_1, bSessionEnded=true, bCleanupResources=true
[2021.11.21-22.36.54:822][129]LogSlate: InvalidateAllWidgets triggered.  All widgets were invalidated
[2021.11.21-22.36.54:829][129]LogWorld: UWorld::CleanupWorld for World_0, bSessionEnded=true, bCleanupResources=true
[2021.11.21-22.36.54:829][129]LogSlate: InvalidateAllWidgets triggered.  All widgets were invalidated
[2021.11.21-22.36.55:564][202]LogTemp: Repeating last play command: Selected Viewport
[2021.11.21-22.36.55:574][202]LogPlayLevel: PlayLevel: No blueprints needed recompiling
[2021.11.21-22.36.55:574][202]BlueprintLog: Warning: Blueprint failed to compile:  InteractionUI
[2021.11.21-22.36.55:576][202]LogCustomDialog: Dialog displayed:
[2021.11.21-22.36.59:108][202]LogAssetEditorSubsystem: Opening Asset editor for WidgetBlueprint /Game/BluePrints/Widgets/InteractionUI.InteractionUI
[2021.11.21-22.37.05:066][202]LogSlate: Window 'Blueprint Compilation Errors' being destroyed
[2021.11.21-22.37.05:138][202]LogSlate: Took 0.000717 seconds to synchronously load lazily loaded font '../../../Engine/Content/Slate/Fonts/DroidSansMono.ttf' (77K)
[2021.11.21-22.37.07:198][433]LogSlate: Window 'Message Log' being destroyed
[2021.11.21-22.37.07:205][433]LogSlate: Window 'Message Log' being destroyed
[2021.11.21-22.37.27:491][734]LogAssetEditorSubsystem: Opening Asset editor for Blueprint /Game/FirstPersonBP/Blueprints/FirstPersonCharacter.FirstPersonCharacter
[2021.11.21-22.37.28:047][735]LogSlate: Took 0.000913 seconds to synchronously load lazily loaded font '../../../Engine/Content/Slate/Fonts/Roboto-Italic.ttf' (157K)
[2021.11.21-22.37.58:730][806]LogUObjectHash: Compacting FUObjectHashTables data took   4.14ms
[2021.11.21-22.37.58:760][806]Cmd: OBJ SAVEPACKAGE PACKAGE="/Game/BluePrints/Widgets/InteractionUI" FILE="../../../../../Documents/PortfolioRepos/CatGame/HerdingCats/Content/BluePrints/Widgets/InteractionUI.uasset" SILENT=true
[2021.11.21-22.37.58:778][806]LogSavePackage: Moving '../../../../../Documents/PortfolioRepos/CatGame/HerdingCats/Saved/InteractionUI43373AD843BA61C1718801811E6A7153.tmp' to '../../../../../Documents/PortfolioRepos/CatGame/HerdingCats/Content/BluePrints/Widgets/InteractionUI.uasset'
[2021.11.21-22.37.58:792][806]AssetCheck: New page: Asset Save: InteractionUI
[2021.11.21-22.37.58:792][806]LogContentValidation: Display: Validating WidgetBlueprint /Game/BluePrints/Widgets/InteractionUI.InteractionUI
[2021.11.21-22.37.59:735][879]LogSlate: Window 'FirstPersonCharacter' being destroyed
[2021.11.21-22.37.59:741][879]LogSlate: Window 'FirstPersonCharacter' being destroyed
[2021.11.21-22.37.59:743][879]LogWorld: UWorld::CleanupWorld for World_3, bSessionEnded=true, bCleanupResources=true
[2021.11.21-22.37.59:743][879]LogSlate: InvalidateAllWidgets triggered.  All widgets were invalidated
[2021.11.21-22.37.59:753][879]LogWorld: UWorld::CleanupWorld for World_2, bSessionEnded=true, bCleanupResources=true
[2021.11.21-22.37.59:753][879]LogSlate: InvalidateAllWidgets triggered.  All widgets were invalidated
[2021.11.21-22.37.59:792][879]LogWorld: UWorld::CleanupWorld for World_4, bSessionEnded=true, bCleanupResources=true
[2021.11.21-22.37.59:792][879]LogSlate: InvalidateAllWidgets triggered.  All widgets were invalidated
